#
# There is insufficient memory for the Java Runtime Environment to continue.
# Native memory allocation (mmap) failed to map 313524224 bytes for G1 virtual space
# Possible reasons:
#   The system is out of physical RAM or swap space
#   The process is running with CompressedOops enabled, and the Java Heap may be blocking the growth of the native heap
# Possible solutions:
#   Reduce memory load on the system
#   Increase physical memory or swap space
#   Check if swap backing store is full
#   Decrease Java heap size (-Xmx/-Xms)
#   Decrease number of Java threads
#   Decrease Java thread stack sizes (-Xss)
#   Set larger code cache with -XX:ReservedCodeCacheSize=
#   JVM is running with Unscaled Compressed Oops mode in which the Java heap is
#     placed in the first 4GB address space. The Java Heap base address is the
#     maximum limit for the native heap growth. Please use -XX:HeapBaseMinAddress
#     to set the Java Heap base and to place the Java Heap above 4GB virtual address.
# This output file may be truncated or incomplete.
#
#  Out of Memory Error (os_windows.cpp:3466), pid=6388, tid=12144
#
# JRE version: Java(TM) SE Runtime Environment (16.0.2+7) (build 16.0.2+7-67)
# Java VM: Java HotSpot(TM) 64-Bit Server VM (16.0.2+7-67, mixed mode, sharing, tiered, compressed oops, compressed class ptrs, g1 gc, windows-amd64)
# No core dump will be written. Minidumps are not enabled by default on client versions of Windows
#

---------------  S U M M A R Y ------------

Command Line: -javaagent:D:\IntelliJ IDEA Community Edition 2021.2.1\lib\idea_rt.jar=62004:D:\IntelliJ IDEA Community Edition 2021.2.1\bin -Dfile.encoding=UTF-8 --module-path=C:\Users\Dat\.m2\repository\org\controlsfx\controlsfx\11.1.0\controlsfx-11.1.0.jar;C:\Users\Dat\.m2\repository\org\openjfx\javafx-media\16\javafx-media-16-win.jar;D:\ki 1\DICTIONARY\src\main\java\com\example\GoogleAPI\lib\jl.jar;C:\Users\Dat\.m2\repository\com\dlsc\formsfx\formsfx-core\11.3.2\formsfx-core-11.3.2.jar;C:\Users\Dat\.m2\repository\org\openjfx\javafx-graphics\16\javafx-graphics-16-win.jar;C:\Users\Dat\.m2\repository\org\kordamp\ikonli\ikonli-javafx\12.2.0\ikonli-javafx-12.2.0.jar;C:\Users\Dat\.m2\repository\org\kordamp\ikonli\ikonli-core\12.2.0\ikonli-core-12.2.0.jar;C:\Users\Dat\.m2\repository\org\openjfx\javafx-web\16\javafx-web-16-win.jar;C:\Users\Dat\.m2\repository\org\openjfx\javafx-fxml\16\javafx-fxml-16-win.jar;C:\Users\Dat\.m2\repository\org\openjfx\javafx-controls\16\javafx-controls-16-win.jar;C:\Users\Dat\.m2\repository\net\synedra\validatorfx\0.1.13\validatorfx-0.1.13.jar;C:\Users\Dat\.m2\repository\org\openjfx\javafx-base\16\javafx-base-16-win.jar;C:\Users\Dat\.m2\repository\org\kordamp\bootstrapfx\bootstrapfx-core\0.4.0\bootstrapfx-core-0.4.0.jar;D:\ki 1\DICTIONARY\target\classes;C:\Users\Dat\.m2\repository\eu\hansolo\tilesfx\11.48\tilesfx-11.48.jar -Djdk.module.main=com.example.dictionary com.example.dictionary/com.example.dictionary.HelloApplication

Host: Intel(R) Core(TM) i5-1035G1 CPU @ 1.00GHz, 8 cores, 7G,  Windows 10 , 64 bit Build 19041 (10.0.19041.1202)
Time: Sun Oct 24 20:47:53 2021 SE Asia Standard Time elapsed time: 23.928714 seconds (0d 0h 0m 23s)

---------------  T H R E A D  ---------------

Current thread (0x0000016b69caf4d0):  VMThread "VM Thread" [stack: 0x0000002bd6a00000,0x0000002bd6b00000] [id=12144]

Stack: [0x0000002bd6a00000,0x0000002bd6b00000]
Native frames: (J=compiled Java code, j=interpreted, Vv=VM code, C=native code)
V  [jvm.dll+0x6681ca]
V  [jvm.dll+0x7c9e69]
V  [jvm.dll+0x7cb61e]
V  [jvm.dll+0x7cbc73]
V  [jvm.dll+0x242c55]
V  [jvm.dll+0x664f89]
V  [jvm.dll+0x659b75]
V  [jvm.dll+0x2fbfbb]
V  [jvm.dll+0x3031b6]
V  [jvm.dll+0x35299e]
V  [jvm.dll+0x352bcf]
V  [jvm.dll+0x2d3028]
V  [jvm.dll+0x2d0bb5]
V  [jvm.dll+0x2d01ec]
V  [jvm.dll+0x3152d2]
V  [jvm.dll+0x7d00ab]
V  [jvm.dll+0x7d0da4]
V  [jvm.dll+0x7d12a9]
V  [jvm.dll+0x7d1564]
V  [jvm.dll+0x7d1630]
V  [jvm.dll+0x7795aa]
V  [jvm.dll+0x667066]
C  [ucrtbase.dll+0x21bb2]
C  [KERNEL32.DLL+0x17034]
C  [ntdll.dll+0x52651]

VM_Operation (0x0000002bd7afae60): G1CollectForAllocation, mode: safepoint, requested by thread 0x0000016b6b0165d0


---------------  P R O C E S S  ---------------

Threads class SMR info:
_java_thread_list=0x0000016b6ffa8f30, length=22, elements={
0x0000016b4be1e1e0, 0x0000016b69cb2fc0, 0x0000016b69cb37d0, 0x0000016b69cbf8a0,
0x0000016b69cc10c0, 0x0000016b69cc57f0, 0x0000016b69ccd310, 0x0000016b69ccdc50,
0x0000016b69cd8370, 0x0000016b69ce09b0, 0x0000016b69c912a0, 0x0000016b6ac5f150,
0x0000016b6ac97160, 0x0000016b6aac1730, 0x0000016b6b0237c0, 0x0000016b6b0165d0,
0x0000016b6b2bd900, 0x0000016b6b22a4d0, 0x0000016b6a999300, 0x0000016b6a997dc0,
0x0000016b73dd5ba0, 0x0000016b7019c820
}

Java Threads: ( => current thread )
  0x0000016b4be1e1e0 JavaThread "main" [_thread_blocked, id=10392, stack(0x0000002bd6400000,0x0000002bd6500000)]
  0x0000016b69cb2fc0 JavaThread "Reference Handler" daemon [_thread_blocked, id=6740, stack(0x0000002bd6b00000,0x0000002bd6c00000)]
  0x0000016b69cb37d0 JavaThread "Finalizer" daemon [_thread_blocked, id=6972, stack(0x0000002bd6c00000,0x0000002bd6d00000)]
  0x0000016b69cbf8a0 JavaThread "Signal Dispatcher" daemon [_thread_blocked, id=2308, stack(0x0000002bd6d00000,0x0000002bd6e00000)]
  0x0000016b69cc10c0 JavaThread "Attach Listener" daemon [_thread_blocked, id=9072, stack(0x0000002bd6e00000,0x0000002bd6f00000)]
  0x0000016b69cc57f0 JavaThread "Service Thread" daemon [_thread_blocked, id=7660, stack(0x0000002bd6f00000,0x0000002bd7000000)]
  0x0000016b69ccd310 JavaThread "Monitor Deflation Thread" daemon [_thread_blocked, id=8040, stack(0x0000002bd7000000,0x0000002bd7100000)]
  0x0000016b69ccdc50 JavaThread "C2 CompilerThread0" daemon [_thread_blocked, id=2832, stack(0x0000002bd7100000,0x0000002bd7200000)]
  0x0000016b69cd8370 JavaThread "C1 CompilerThread0" daemon [_thread_blocked, id=11956, stack(0x0000002bd7200000,0x0000002bd7300000)]
  0x0000016b69ce09b0 JavaThread "Sweeper thread" daemon [_thread_blocked, id=4796, stack(0x0000002bd7300000,0x0000002bd7400000)]
  0x0000016b69c912a0 JavaThread "Common-Cleaner" daemon [_thread_blocked, id=9056, stack(0x0000002bd7400000,0x0000002bd7500000)]
  0x0000016b6ac5f150 JavaThread "Monitor Ctrl-Break" daemon [_thread_in_native, id=6432, stack(0x0000002bd7600000,0x0000002bd7700000)]
  0x0000016b6ac97160 JavaThread "Notification Thread" daemon [_thread_blocked, id=9156, stack(0x0000002bd7700000,0x0000002bd7800000)]
  0x0000016b6aac1730 JavaThread "QuantumRenderer-0" daemon [_thread_blocked, id=12956, stack(0x0000002bd7500000,0x0000002bd7600000)]
  0x0000016b6b0237c0 JavaThread "InvokeLaterDispatcher" daemon [_thread_blocked, id=13888, stack(0x0000002bd7900000,0x0000002bd7a00000)]
  0x0000016b6b0165d0 JavaThread "JavaFX Application Thread" [_thread_blocked, id=4188, stack(0x0000002bd7a00000,0x0000002bd7b00000)]
  0x0000016b6b2bd900 JavaThread "Thread-1" daemon [_thread_blocked, id=5760, stack(0x0000002bd7e00000,0x0000002bd7f00000)]
  0x0000016b6b22a4d0 JavaThread "JavaFX-Launcher" [_thread_blocked, id=7292, stack(0x0000002bd7f00000,0x0000002bd8000000)]
  0x0000016b6a999300 JavaThread "Prism Font Disposer" daemon [_thread_blocked, id=5624, stack(0x0000002bd8500000,0x0000002bd8600000)]
  0x0000016b6a997dc0 JavaThread "Disposer" daemon [_thread_blocked, id=9972, stack(0x0000002bd8600000,0x0000002bd8700000)]
  0x0000016b73dd5ba0 JavaThread "Cleaner-0" daemon [_thread_blocked, id=6276, stack(0x0000002bda000000,0x0000002bda100000)]
  0x0000016b7019c820 JavaThread "C2 CompilerThread1" daemon [_thread_blocked, id=12460, stack(0x0000002bd9400000,0x0000002bd9500000)]

Other Threads:
=>0x0000016b69caf4d0 VMThread "VM Thread" [stack: 0x0000002bd6a00000,0x0000002bd6b00000] [id=12144]
  0x0000016b6abf9fd0 WatcherThread [stack: 0x0000002bd7800000,0x0000002bd7900000] [id=9152]
  0x0000016b4be5d270 GCTaskThread "GC Thread#0" [stack: 0x0000002bd6500000,0x0000002bd6600000] [id=936]
  0x0000016b6b2fcdf0 GCTaskThread "GC Thread#1" [stack: 0x0000002bd8000000,0x0000002bd8100000] [id=2912]
  0x0000016b6b2fd100 GCTaskThread "GC Thread#2" [stack: 0x0000002bd8100000,0x0000002bd8200000] [id=8104]
  0x0000016b6b2e8fb0 GCTaskThread "GC Thread#3" [stack: 0x0000002bd8200000,0x0000002bd8300000] [id=3740]
  0x0000016b6b2e92c0 GCTaskThread "GC Thread#4" [stack: 0x0000002bd8300000,0x0000002bd8400000] [id=8540]
  0x0000016b6b2e95d0 GCTaskThread "GC Thread#5" [stack: 0x0000002bd8400000,0x0000002bd8500000] [id=14240]
  0x0000016b70263f60 GCTaskThread "GC Thread#6" [stack: 0x0000002bd8700000,0x0000002bd8800000] [id=7484]
  0x0000016b70265690 GCTaskThread "GC Thread#7" [stack: 0x0000002bd8800000,0x0000002bd8900000] [id=8732]
  0x0000016b4be6eb80 ConcurrentGCThread "G1 Main Marker" [stack: 0x0000002bd6600000,0x0000002bd6700000] [id=10688]
  0x0000016b4be6fd90 ConcurrentGCThread "G1 Conc#0" [stack: 0x0000002bd6700000,0x0000002bd6800000] [id=6420]
  0x0000016b70262660 ConcurrentGCThread "G1 Conc#1" [stack: 0x0000002bd8f00000,0x0000002bd9000000] [id=2616]
  0x0000016b4bef9320 ConcurrentGCThread "G1 Refine#0" [stack: 0x0000002bd6800000,0x0000002bd6900000] [id=12316]
  0x0000016b702659a0 ConcurrentGCThread "G1 Refine#1" [stack: 0x0000002bd8900000,0x0000002bd8a00000] [id=9832]
  0x0000016b70313300 ConcurrentGCThread "G1 Refine#2" [stack: 0x0000002bd8a00000,0x0000002bd8b00000] [id=9772]
  0x0000016b70313e50 ConcurrentGCThread "G1 Refine#3" [stack: 0x0000002bd8b00000,0x0000002bd8c00000] [id=1812]
  0x0000016b70263a00 ConcurrentGCThread "G1 Refine#4" [stack: 0x0000002bd8c00000,0x0000002bd8d00000] [id=5136]
  0x0000016b706059c0 ConcurrentGCThread "G1 Refine#5" [stack: 0x0000002bd8d00000,0x0000002bd8e00000] [id=2008]
  0x0000016b70605d00 ConcurrentGCThread "G1 Refine#6" [stack: 0x0000002bd8e00000,0x0000002bd8f00000] [id=5036]
  0x0000016b70605680 ConcurrentGCThread "G1 Refine#7" [stack: 0x0000002bd9000000,0x0000002bd9100000] [id=4240]
  0x0000016b4befb9c0 ConcurrentGCThread "G1 Service" [stack: 0x0000002bd6900000,0x0000002bd6a00000] [id=1860]

Threads with active compile tasks:

VM state: at safepoint (normal execution)

VM Mutex/Monitor currently owned by a thread:  ([mutex/lock_event])
[0x0000016b4be17ef0] Threads_lock - owner thread: 0x0000016b69caf4d0
[0x0000016b4be18e20] Heap_lock - owner thread: 0x0000016b6b0165d0

Heap address: 0x0000000083a00000, size: 1990 MB, Compressed Oops mode: 32-bit

CDS archive(s) mapped at: [0x0000000800000000-0x0000000800bb0000-0x0000000800bb0000), size 12255232, SharedBaseAddress: 0x0000000800000000, ArchiveRelocationMode: 0.
Compressed class space mapped at: 0x0000000800c00000-0x0000000840c00000, reserved size: 1073741824
Narrow klass base: 0x0000000800000000, Narrow klass shift: 3, Narrow klass range: 0x100000000

GC Precious Log:
 CPUs: 8 total, 8 available
 Memory: 7959M
 Large Page Support: Disabled
 NUMA Support: Disabled
 Compressed Oops: Enabled (32-bit)
 Heap Region Size: 1M
 Heap Min Capacity: 8M
 Heap Initial Capacity: 126M
 Heap Max Capacity: 1990M
 Pre-touch: Disabled
 Parallel Workers: 8
 Concurrent Workers: 2
 Concurrent Refinement Workers: 8
 Periodic GC: Disabled

Heap:
 garbage-first heap   total 365568K, used 201611K [0x0000000083a00000, 0x0000000100000000)
  region size 1024K, 3 young (3072K), 3 survivors (3072K)
 Metaspace       used 21484K, committed 21824K, reserved 1073152K
  class space    used 2955K, committed 3136K, reserved 1048576K

Heap Regions: E=young(eden), S=young(survivor), O=old, HS=humongous(starts), HC=humongous(continues), CS=collection set, F=free, OA=open archive, CA=closed archive, TAMS=top-at-mark-start (previous, next)
|   0|0x0000000083a00000, 0x0000000083b00000, 0x0000000083b00000|100%| O|  |TAMS 0x0000000083b00000, 0x0000000083a00000| Complete 
|   1|0x0000000083b00000, 0x0000000083c00000, 0x0000000083c00000|100%|HS|  |TAMS 0x0000000083c00000, 0x0000000083b00000| Complete 
|   2|0x0000000083c00000, 0x0000000083d00000, 0x0000000083d00000|100%|HC|  |TAMS 0x0000000083d00000, 0x0000000083c00000| Complete 
|   3|0x0000000083d00000, 0x0000000083e00000, 0x0000000083e00000|100%|HS|  |TAMS 0x0000000083e00000, 0x0000000083d00000| Complete 
|   4|0x0000000083e00000, 0x0000000083f00000, 0x0000000083f00000|100%|HC|  |TAMS 0x0000000083f00000, 0x0000000083e00000| Complete 
|   5|0x0000000083f00000, 0x0000000084000000, 0x0000000084000000|100%| O|  |TAMS 0x0000000084000000, 0x0000000083f00000| Untracked 
|   6|0x0000000084000000, 0x0000000084000000, 0x0000000084100000|  0%| F|  |TAMS 0x0000000084000000, 0x0000000084000000| Untracked 
|   7|0x0000000084100000, 0x0000000084200000, 0x0000000084200000|100%| O|  |TAMS 0x0000000084200000, 0x0000000084100000| Complete 
|   8|0x0000000084200000, 0x0000000084300000, 0x0000000084300000|100%| O|  |TAMS 0x0000000084300000, 0x0000000084200000| Complete 
|   9|0x0000000084300000, 0x0000000084300000, 0x0000000084400000|  0%| F|  |TAMS 0x0000000084300000, 0x0000000084300000| Untracked 
|  10|0x0000000084400000, 0x0000000084400000, 0x0000000084500000|  0%| F|  |TAMS 0x0000000084400000, 0x0000000084400000| Untracked 
|  11|0x0000000084500000, 0x0000000084500000, 0x0000000084600000|  0%| F|  |TAMS 0x0000000084500000, 0x0000000084500000| Untracked 
|  12|0x0000000084600000, 0x0000000084600000, 0x0000000084700000|  0%| F|  |TAMS 0x0000000084600000, 0x0000000084600000| Untracked 
|  13|0x0000000084700000, 0x0000000084700000, 0x0000000084800000|  0%| F|  |TAMS 0x0000000084700000, 0x0000000084700000| Untracked 
|  14|0x0000000084800000, 0x0000000084800000, 0x0000000084900000|  0%| F|  |TAMS 0x0000000084800000, 0x0000000084800000| Untracked 
|  15|0x0000000084900000, 0x0000000084900000, 0x0000000084a00000|  0%| F|  |TAMS 0x0000000084900000, 0x0000000084900000| Untracked 
|  16|0x0000000084a00000, 0x0000000084a00000, 0x0000000084b00000|  0%| F|  |TAMS 0x0000000084a00000, 0x0000000084a00000| Untracked 
|  17|0x0000000084b00000, 0x0000000084b00000, 0x0000000084c00000|  0%| F|  |TAMS 0x0000000084b00000, 0x0000000084b00000| Untracked 
|  18|0x0000000084c00000, 0x0000000084c00000, 0x0000000084d00000|  0%| F|  |TAMS 0x0000000084c00000, 0x0000000084c00000| Untracked 
|  19|0x0000000084d00000, 0x0000000084e00000, 0x0000000084e00000|100%| O|  |TAMS 0x0000000084e00000, 0x0000000084d00000| Untracked 
|  20|0x0000000084e00000, 0x0000000084f00000, 0x0000000084f00000|100%| O|  |TAMS 0x0000000084f00000, 0x0000000084e00000| Untracked 
|  21|0x0000000084f00000, 0x0000000085000000, 0x0000000085000000|100%| O|  |TAMS 0x0000000085000000, 0x0000000084f00000| Untracked 
|  22|0x0000000085000000, 0x0000000085100000, 0x0000000085100000|100%| O|  |TAMS 0x0000000085100000, 0x0000000085000000| Untracked 
|  23|0x0000000085100000, 0x0000000085200000, 0x0000000085200000|100%| O|  |TAMS 0x0000000085200000, 0x0000000085100000| Untracked 
|  24|0x0000000085200000, 0x0000000085300000, 0x0000000085300000|100%| O|  |TAMS 0x0000000085300000, 0x0000000085200000| Untracked 
|  25|0x0000000085300000, 0x0000000085400000, 0x0000000085400000|100%| O|  |TAMS 0x0000000085400000, 0x0000000085300000| Untracked 
|  26|0x0000000085400000, 0x0000000085500000, 0x0000000085500000|100%| O|  |TAMS 0x0000000085500000, 0x0000000085400000| Untracked 
|  27|0x0000000085500000, 0x0000000085600000, 0x0000000085600000|100%| O|  |TAMS 0x0000000085600000, 0x0000000085500000| Complete 
|  28|0x0000000085600000, 0x0000000085700000, 0x0000000085700000|100%| O|  |TAMS 0x0000000085700000, 0x0000000085600000| Untracked 
|  29|0x0000000085700000, 0x0000000085800000, 0x0000000085800000|100%| O|  |TAMS 0x0000000085800000, 0x0000000085700000| Untracked 
|  30|0x0000000085800000, 0x0000000085900000, 0x0000000085900000|100%| O|  |TAMS 0x0000000085900000, 0x0000000085800000| Complete 
|  31|0x0000000085900000, 0x0000000085a00000, 0x0000000085a00000|100%| O|  |TAMS 0x0000000085a00000, 0x0000000085900000| Untracked 
|  32|0x0000000085a00000, 0x0000000085b00000, 0x0000000085b00000|100%| O|  |TAMS 0x0000000085b00000, 0x0000000085a00000| Untracked 
|  33|0x0000000085b00000, 0x0000000085b00000, 0x0000000085c00000|  0%| F|  |TAMS 0x0000000085b00000, 0x0000000085b00000| Untracked 
|  34|0x0000000085c00000, 0x0000000085c00000, 0x0000000085d00000|  0%| F|  |TAMS 0x0000000085c00000, 0x0000000085c00000| Untracked 
|  35|0x0000000085d00000, 0x0000000085d00000, 0x0000000085e00000|  0%| F|  |TAMS 0x0000000085d00000, 0x0000000085d00000| Untracked 
|  36|0x0000000085e00000, 0x0000000085e00000, 0x0000000085f00000|  0%| F|  |TAMS 0x0000000085e00000, 0x0000000085e00000| Untracked 
|  37|0x0000000085f00000, 0x0000000085f00000, 0x0000000086000000|  0%| F|  |TAMS 0x0000000085f00000, 0x0000000085f00000| Untracked 
|  38|0x0000000086000000, 0x0000000086000000, 0x0000000086100000|  0%| F|  |TAMS 0x0000000086000000, 0x0000000086000000| Untracked 
|  39|0x0000000086100000, 0x0000000086200000, 0x0000000086200000|100%| O|  |TAMS 0x0000000086200000, 0x0000000086100000| Untracked 
|  40|0x0000000086200000, 0x0000000086300000, 0x0000000086300000|100%| O|  |TAMS 0x0000000086300000, 0x0000000086200000| Untracked 
|  41|0x0000000086300000, 0x0000000086400000, 0x0000000086400000|100%| O|  |TAMS 0x0000000086400000, 0x0000000086300000| Untracked 
|  42|0x0000000086400000, 0x0000000086500000, 0x0000000086500000|100%| O|  |TAMS 0x0000000086500000, 0x0000000086400000| Untracked 
|  43|0x0000000086500000, 0x0000000086600000, 0x0000000086600000|100%| O|  |TAMS 0x0000000086600000, 0x0000000086500000| Untracked 
|  44|0x0000000086600000, 0x0000000086700000, 0x0000000086700000|100%| O|  |TAMS 0x0000000086700000, 0x0000000086600000| Untracked 
|  45|0x0000000086700000, 0x0000000086800000, 0x0000000086800000|100%| O|  |TAMS 0x0000000086800000, 0x0000000086700000| Complete 
|  46|0x0000000086800000, 0x0000000086900000, 0x0000000086900000|100%| O|  |TAMS 0x0000000086900000, 0x0000000086800000| Untracked 
|  47|0x0000000086900000, 0x0000000086a00000, 0x0000000086a00000|100%| O|  |TAMS 0x0000000086a00000, 0x0000000086900000| Untracked 
|  48|0x0000000086a00000, 0x0000000086b00000, 0x0000000086b00000|100%| O|  |TAMS 0x0000000086b00000, 0x0000000086a00000| Untracked 
|  49|0x0000000086b00000, 0x0000000086c00000, 0x0000000086c00000|100%| O|  |TAMS 0x0000000086c00000, 0x0000000086b00000| Untracked 
|  50|0x0000000086c00000, 0x0000000086d00000, 0x0000000086d00000|100%| O|  |TAMS 0x0000000086d00000, 0x0000000086c00000| Untracked 
|  51|0x0000000086d00000, 0x0000000086e00000, 0x0000000086e00000|100%| O|  |TAMS 0x0000000086e00000, 0x0000000086d00000| Untracked 
|  52|0x0000000086e00000, 0x0000000086f00000, 0x0000000086f00000|100%| O|  |TAMS 0x0000000086f00000, 0x0000000086e00000| Complete 
|  53|0x0000000086f00000, 0x0000000086f00000, 0x0000000087000000|  0%| F|  |TAMS 0x0000000086f00000, 0x0000000086f00000| Untracked 
|  54|0x0000000087000000, 0x0000000087000000, 0x0000000087100000|  0%| F|  |TAMS 0x0000000087000000, 0x0000000087000000| Untracked 
|  55|0x0000000087100000, 0x0000000087200000, 0x0000000087200000|100%| O|  |TAMS 0x0000000087200000, 0x0000000087100000| Untracked 
|  56|0x0000000087200000, 0x0000000087300000, 0x0000000087300000|100%| O|  |TAMS 0x0000000087300000, 0x0000000087200000| Untracked 
|  57|0x0000000087300000, 0x0000000087300000, 0x0000000087400000|  0%| F|  |TAMS 0x0000000087300000, 0x0000000087300000| Untracked 
|  58|0x0000000087400000, 0x0000000087400000, 0x0000000087500000|  0%| F|  |TAMS 0x0000000087400000, 0x0000000087400000| Untracked 
|  59|0x0000000087500000, 0x0000000087600000, 0x0000000087600000|100%| O|  |TAMS 0x0000000087600000, 0x0000000087500000| Untracked 
|  60|0x0000000087600000, 0x0000000087700000, 0x0000000087700000|100%| O|  |TAMS 0x0000000087700000, 0x0000000087600000| Untracked 
|  61|0x0000000087700000, 0x0000000087800000, 0x0000000087800000|100%| O|  |TAMS 0x0000000087800000, 0x0000000087700000| Untracked 
|  62|0x0000000087800000, 0x0000000087900000, 0x0000000087900000|100%| O|  |TAMS 0x0000000087900000, 0x0000000087800000| Untracked 
|  63|0x0000000087900000, 0x0000000087a00000, 0x0000000087a00000|100%| O|  |TAMS 0x0000000087a00000, 0x0000000087900000| Untracked 
|  64|0x0000000087a00000, 0x0000000087b00000, 0x0000000087b00000|100%| O|  |TAMS 0x0000000087b00000, 0x0000000087a00000| Untracked 
|  65|0x0000000087b00000, 0x0000000087c00000, 0x0000000087c00000|100%| O|  |TAMS 0x0000000087c00000, 0x0000000087b00000| Untracked 
|  66|0x0000000087c00000, 0x0000000087d00000, 0x0000000087d00000|100%| O|  |TAMS 0x0000000087d00000, 0x0000000087c00000| Untracked 
|  67|0x0000000087d00000, 0x0000000087e00000, 0x0000000087e00000|100%| O|  |TAMS 0x0000000087e00000, 0x0000000087d00000| Untracked 
|  68|0x0000000087e00000, 0x0000000087e00000, 0x0000000087f00000|  0%| F|  |TAMS 0x0000000087e00000, 0x0000000087e00000| Untracked 
|  69|0x0000000087f00000, 0x0000000087f00000, 0x0000000088000000|  0%| F|  |TAMS 0x0000000087f00000, 0x0000000087f00000| Untracked 
|  70|0x0000000088000000, 0x0000000088100000, 0x0000000088100000|100%| O|  |TAMS 0x0000000088100000, 0x0000000088000000| Untracked 
|  71|0x0000000088100000, 0x0000000088200000, 0x0000000088200000|100%| O|  |TAMS 0x0000000088200000, 0x0000000088100000| Complete 
|  72|0x0000000088200000, 0x0000000088200000, 0x0000000088300000|  0%| F|  |TAMS 0x0000000088200000, 0x0000000088200000| Untracked 
|  73|0x0000000088300000, 0x0000000088400000, 0x0000000088400000|100%| O|  |TAMS 0x0000000088400000, 0x0000000088300000| Untracked 
|  74|0x0000000088400000, 0x0000000088500000, 0x0000000088500000|100%| O|  |TAMS 0x0000000088500000, 0x0000000088400000| Untracked 
|  75|0x0000000088500000, 0x0000000088600000, 0x0000000088600000|100%| O|  |TAMS 0x0000000088600000, 0x0000000088500000| Untracked 
|  76|0x0000000088600000, 0x0000000088600000, 0x0000000088700000|  0%| F|  |TAMS 0x0000000088600000, 0x0000000088600000| Untracked 
|  77|0x0000000088700000, 0x0000000088700000, 0x0000000088800000|  0%| F|  |TAMS 0x0000000088700000, 0x0000000088700000| Untracked 
|  78|0x0000000088800000, 0x0000000088900000, 0x0000000088900000|100%| O|  |TAMS 0x0000000088900000, 0x0000000088800000| Untracked 
|  79|0x0000000088900000, 0x0000000088a00000, 0x0000000088a00000|100%| O|  |TAMS 0x0000000088a00000, 0x0000000088900000| Untracked 
|  80|0x0000000088a00000, 0x0000000088b00000, 0x0000000088b00000|100%| O|  |TAMS 0x0000000088b00000, 0x0000000088a00000| Untracked 
|  81|0x0000000088b00000, 0x0000000088c00000, 0x0000000088c00000|100%| O|  |TAMS 0x0000000088c00000, 0x0000000088b00000| Untracked 
|  82|0x0000000088c00000, 0x0000000088d00000, 0x0000000088d00000|100%| O|  |TAMS 0x0000000088d00000, 0x0000000088c00000| Untracked 
|  83|0x0000000088d00000, 0x0000000088e00000, 0x0000000088e00000|100%| O|  |TAMS 0x0000000088e00000, 0x0000000088d00000| Untracked 
|  84|0x0000000088e00000, 0x0000000088f00000, 0x0000000088f00000|100%| O|  |TAMS 0x0000000088f00000, 0x0000000088e00000| Untracked 
|  85|0x0000000088f00000, 0x0000000088f00000, 0x0000000089000000|  0%| F|  |TAMS 0x0000000088f00000, 0x0000000088f00000| Untracked 
|  86|0x0000000089000000, 0x0000000089100000, 0x0000000089100000|100%|HS|  |TAMS 0x0000000089100000, 0x0000000089000000| Complete 
|  87|0x0000000089100000, 0x0000000089200000, 0x0000000089200000|100%|HC|  |TAMS 0x0000000089200000, 0x0000000089100000| Complete 
|  88|0x0000000089200000, 0x0000000089300000, 0x0000000089300000|100%|HS|  |TAMS 0x0000000089300000, 0x0000000089200000| Complete 
|  89|0x0000000089300000, 0x0000000089400000, 0x0000000089400000|100%| O|  |TAMS 0x0000000089400000, 0x0000000089300000| Untracked 
|  90|0x0000000089400000, 0x0000000089500000, 0x0000000089500000|100%| O|  |TAMS 0x0000000089500000, 0x0000000089400000| Untracked 
|  91|0x0000000089500000, 0x0000000089600000, 0x0000000089600000|100%| O|  |TAMS 0x0000000089600000, 0x0000000089500000| Untracked 
|  92|0x0000000089600000, 0x0000000089700000, 0x0000000089700000|100%| O|  |TAMS 0x0000000089700000, 0x0000000089600000| Untracked 
|  93|0x0000000089700000, 0x0000000089800000, 0x0000000089800000|100%| O|  |TAMS 0x0000000089800000, 0x0000000089700000| Untracked 
|  94|0x0000000089800000, 0x0000000089900000, 0x0000000089900000|100%| O|  |TAMS 0x0000000089900000, 0x0000000089800000| Untracked 
|  95|0x0000000089900000, 0x0000000089a00000, 0x0000000089a00000|100%| O|  |TAMS 0x0000000089a00000, 0x0000000089900000| Untracked 
|  96|0x0000000089a00000, 0x0000000089b00000, 0x0000000089b00000|100%| O|  |TAMS 0x0000000089b00000, 0x0000000089a00000| Untracked 
|  97|0x0000000089b00000, 0x0000000089c00000, 0x0000000089c00000|100%| O|  |TAMS 0x0000000089c00000, 0x0000000089b00000| Untracked 
|  98|0x0000000089c00000, 0x0000000089d00000, 0x0000000089d00000|100%| O|  |TAMS 0x0000000089d00000, 0x0000000089c00000| Untracked 
|  99|0x0000000089d00000, 0x0000000089e00000, 0x0000000089e00000|100%| O|  |TAMS 0x0000000089e00000, 0x0000000089d00000| Untracked 
| 100|0x0000000089e00000, 0x0000000089f00000, 0x0000000089f00000|100%| O|  |TAMS 0x0000000089f00000, 0x0000000089e00000| Untracked 
| 101|0x0000000089f00000, 0x000000008a000000, 0x000000008a000000|100%| O|  |TAMS 0x000000008a000000, 0x0000000089f00000| Untracked 
| 102|0x000000008a000000, 0x000000008a100000, 0x000000008a100000|100%| O|  |TAMS 0x000000008a100000, 0x000000008a000000| Untracked 
| 103|0x000000008a100000, 0x000000008a200000, 0x000000008a200000|100%| O|  |TAMS 0x000000008a200000, 0x000000008a100000| Untracked 
| 104|0x000000008a200000, 0x000000008a300000, 0x000000008a300000|100%| O|  |TAMS 0x000000008a300000, 0x000000008a200000| Untracked 
| 105|0x000000008a300000, 0x000000008a400000, 0x000000008a400000|100%| O|  |TAMS 0x000000008a400000, 0x000000008a300000| Untracked 
| 106|0x000000008a400000, 0x000000008a500000, 0x000000008a500000|100%| O|  |TAMS 0x000000008a500000, 0x000000008a400000| Untracked 
| 107|0x000000008a500000, 0x000000008a600000, 0x000000008a600000|100%| O|  |TAMS 0x000000008a600000, 0x000000008a500000| Untracked 
| 108|0x000000008a600000, 0x000000008a700000, 0x000000008a700000|100%| O|  |TAMS 0x000000008a700000, 0x000000008a600000| Untracked 
| 109|0x000000008a700000, 0x000000008a800000, 0x000000008a800000|100%| O|  |TAMS 0x000000008a800000, 0x000000008a700000| Untracked 
| 110|0x000000008a800000, 0x000000008a900000, 0x000000008a900000|100%| O|  |TAMS 0x000000008a900000, 0x000000008a800000| Untracked 
| 111|0x000000008a900000, 0x000000008aa00000, 0x000000008aa00000|100%| O|  |TAMS 0x000000008aa00000, 0x000000008a900000| Untracked 
| 112|0x000000008aa00000, 0x000000008ab00000, 0x000000008ab00000|100%| O|  |TAMS 0x000000008ab00000, 0x000000008aa00000| Untracked 
| 113|0x000000008ab00000, 0x000000008ac00000, 0x000000008ac00000|100%| O|  |TAMS 0x000000008ac00000, 0x000000008ab00000| Untracked 
| 114|0x000000008ac00000, 0x000000008ac00000, 0x000000008ad00000|  0%| F|  |TAMS 0x000000008ac00000, 0x000000008ac00000| Untracked 
| 115|0x000000008ad00000, 0x000000008ae00000, 0x000000008ae00000|100%| O|  |TAMS 0x000000008ae00000, 0x000000008ad00000| Untracked 
| 116|0x000000008ae00000, 0x000000008af00000, 0x000000008af00000|100%| O|  |TAMS 0x000000008af00000, 0x000000008ae00000| Untracked 
| 117|0x000000008af00000, 0x000000008b000000, 0x000000008b000000|100%| O|  |TAMS 0x000000008b000000, 0x000000008af00000| Untracked 
| 118|0x000000008b000000, 0x000000008b100000, 0x000000008b100000|100%| O|  |TAMS 0x000000008b100000, 0x000000008b000000| Untracked 
| 119|0x000000008b100000, 0x000000008b200000, 0x000000008b200000|100%| O|  |TAMS 0x000000008b200000, 0x000000008b100000| Untracked 
| 120|0x000000008b200000, 0x000000008b300000, 0x000000008b300000|100%| O|  |TAMS 0x000000008b300000, 0x000000008b200000| Untracked 
| 121|0x000000008b300000, 0x000000008b400000, 0x000000008b400000|100%| O|  |TAMS 0x000000008b400000, 0x000000008b300000| Untracked 
| 122|0x000000008b400000, 0x000000008b500000, 0x000000008b500000|100%| O|  |TAMS 0x000000008b500000, 0x000000008b400000| Untracked 
| 123|0x000000008b500000, 0x000000008b600000, 0x000000008b600000|100%| O|  |TAMS 0x000000008b600000, 0x000000008b500000| Untracked 
| 124|0x000000008b600000, 0x000000008b700000, 0x000000008b700000|100%| O|  |TAMS 0x000000008b700000, 0x000000008b600000| Untracked 
| 125|0x000000008b700000, 0x000000008b800000, 0x000000008b800000|100%| O|  |TAMS 0x000000008b800000, 0x000000008b700000| Untracked 
| 126|0x000000008b800000, 0x000000008b900000, 0x000000008b900000|100%| O|  |TAMS 0x000000008b900000, 0x000000008b800000| Untracked 
| 127|0x000000008b900000, 0x000000008ba00000, 0x000000008ba00000|100%| O|  |TAMS 0x000000008ba00000, 0x000000008b900000| Untracked 
| 128|0x000000008ba00000, 0x000000008bb00000, 0x000000008bb00000|100%| O|  |TAMS 0x000000008bb00000, 0x000000008ba00000| Untracked 
| 129|0x000000008bb00000, 0x000000008bc00000, 0x000000008bc00000|100%| O|  |TAMS 0x000000008bc00000, 0x000000008bb00000| Untracked 
| 130|0x000000008bc00000, 0x000000008bd00000, 0x000000008bd00000|100%| O|  |TAMS 0x000000008bd00000, 0x000000008bc00000| Untracked 
| 131|0x000000008bd00000, 0x000000008be00000, 0x000000008be00000|100%| O|  |TAMS 0x000000008be00000, 0x000000008bd00000| Untracked 
| 132|0x000000008be00000, 0x000000008be00000, 0x000000008bf00000|  0%| F|  |TAMS 0x000000008be00000, 0x000000008be00000| Untracked 
| 133|0x000000008bf00000, 0x000000008c000000, 0x000000008c000000|100%| O|  |TAMS 0x000000008c000000, 0x000000008bf00000| Untracked 
| 134|0x000000008c000000, 0x000000008c100000, 0x000000008c100000|100%| O|  |TAMS 0x000000008c100000, 0x000000008c000000| Untracked 
| 135|0x000000008c100000, 0x000000008c100000, 0x000000008c200000|  0%| F|  |TAMS 0x000000008c100000, 0x000000008c100000| Untracked 
| 136|0x000000008c200000, 0x000000008c200000, 0x000000008c300000|  0%| F|  |TAMS 0x000000008c200000, 0x000000008c200000| Untracked 
| 137|0x000000008c300000, 0x000000008c400000, 0x000000008c400000|100%| O|  |TAMS 0x000000008c400000, 0x000000008c300000| Untracked 
| 138|0x000000008c400000, 0x000000008c500000, 0x000000008c500000|100%| O|  |TAMS 0x000000008c500000, 0x000000008c400000| Untracked 
| 139|0x000000008c500000, 0x000000008c600000, 0x000000008c600000|100%| O|  |TAMS 0x000000008c600000, 0x000000008c500000| Untracked 
| 140|0x000000008c600000, 0x000000008c700000, 0x000000008c700000|100%| O|  |TAMS 0x000000008c700000, 0x000000008c600000| Untracked 
| 141|0x000000008c700000, 0x000000008c800000, 0x000000008c800000|100%| O|  |TAMS 0x000000008c800000, 0x000000008c700000| Untracked 
| 142|0x000000008c800000, 0x000000008c900000, 0x000000008c900000|100%| O|  |TAMS 0x000000008c900000, 0x000000008c800000| Untracked 
| 143|0x000000008c900000, 0x000000008ca00000, 0x000000008ca00000|100%| O|  |TAMS 0x000000008ca00000, 0x000000008c900000| Untracked 
| 144|0x000000008ca00000, 0x000000008cb00000, 0x000000008cb00000|100%| O|  |TAMS 0x000000008cb00000, 0x000000008ca00000| Untracked 
| 145|0x000000008cb00000, 0x000000008cb00000, 0x000000008cc00000|  0%| F|  |TAMS 0x000000008cb00000, 0x000000008cb00000| Untracked 
| 146|0x000000008cc00000, 0x000000008cd00000, 0x000000008cd00000|100%| O|  |TAMS 0x000000008cd00000, 0x000000008cc00000| Untracked 
| 147|0x000000008cd00000, 0x000000008ce00000, 0x000000008ce00000|100%| O|  |TAMS 0x000000008ce00000, 0x000000008cd00000| Complete 
| 148|0x000000008ce00000, 0x000000008ce00000, 0x000000008cf00000|  0%| F|  |TAMS 0x000000008ce00000, 0x000000008ce00000| Untracked 
| 149|0x000000008cf00000, 0x000000008cf00000, 0x000000008d000000|  0%| F|  |TAMS 0x000000008cf00000, 0x000000008cf00000| Untracked 
| 150|0x000000008d000000, 0x000000008d100000, 0x000000008d100000|100%|HS|  |TAMS 0x000000008d100000, 0x000000008d000000| Complete 
| 151|0x000000008d100000, 0x000000008d200000, 0x000000008d200000|100%|HC|  |TAMS 0x000000008d200000, 0x000000008d100000| Complete 
| 152|0x000000008d200000, 0x000000008d300000, 0x000000008d300000|100%| O|  |TAMS 0x000000008d300000, 0x000000008d200000| Untracked 
| 153|0x000000008d300000, 0x000000008d400000, 0x000000008d400000|100%| O|  |TAMS 0x000000008d400000, 0x000000008d300000| Untracked 
| 154|0x000000008d400000, 0x000000008d400000, 0x000000008d500000|  0%| F|  |TAMS 0x000000008d400000, 0x000000008d400000| Untracked 
| 155|0x000000008d500000, 0x000000008d500000, 0x000000008d600000|  0%| F|  |TAMS 0x000000008d500000, 0x000000008d500000| Untracked 
| 156|0x000000008d600000, 0x000000008d700000, 0x000000008d700000|100%|HS|  |TAMS 0x000000008d700000, 0x000000008d600000| Complete 
| 157|0x000000008d700000, 0x000000008d800000, 0x000000008d800000|100%|HC|  |TAMS 0x000000008d800000, 0x000000008d700000| Complete 
| 158|0x000000008d800000, 0x000000008d900000, 0x000000008d900000|100%|HS|  |TAMS 0x000000008d900000, 0x000000008d800000| Complete 
| 159|0x000000008d900000, 0x000000008da00000, 0x000000008da00000|100%|HC|  |TAMS 0x000000008da00000, 0x000000008d900000| Complete 
| 160|0x000000008da00000, 0x000000008db00000, 0x000000008db00000|100%| O|  |TAMS 0x000000008da00000, 0x000000008da00000| Untracked 
| 161|0x000000008db00000, 0x000000008dc00000, 0x000000008dc00000|100%| O|  |TAMS 0x000000008db00000, 0x000000008db00000| Untracked 
| 162|0x000000008dc00000, 0x000000008dd00000, 0x000000008dd00000|100%| O|  |TAMS 0x000000008dc00000, 0x000000008dc00000| Untracked 
| 163|0x000000008dd00000, 0x000000008de00000, 0x000000008de00000|100%| O|  |TAMS 0x000000008dd00000, 0x000000008dd00000| Untracked 
| 164|0x000000008de00000, 0x000000008df00000, 0x000000008df00000|100%| O|  |TAMS 0x000000008de00000, 0x000000008de00000| Untracked 
| 165|0x000000008df00000, 0x000000008e000000, 0x000000008e000000|100%| O|  |TAMS 0x000000008df00000, 0x000000008df00000| Untracked 
| 166|0x000000008e000000, 0x000000008e100000, 0x000000008e100000|100%| O|  |TAMS 0x000000008e000000, 0x000000008e000000| Untracked 
| 167|0x000000008e100000, 0x000000008e200000, 0x000000008e200000|100%| O|  |TAMS 0x000000008e100000, 0x000000008e100000| Untracked 
| 168|0x000000008e200000, 0x000000008e300000, 0x000000008e300000|100%| O|  |TAMS 0x000000008e200000, 0x000000008e200000| Untracked 
| 169|0x000000008e300000, 0x000000008e400000, 0x000000008e400000|100%| O|  |TAMS 0x000000008e300000, 0x000000008e300000| Untracked 
| 170|0x000000008e400000, 0x000000008e500000, 0x000000008e500000|100%| O|  |TAMS 0x000000008e400000, 0x000000008e400000| Untracked 
| 171|0x000000008e500000, 0x000000008e600000, 0x000000008e600000|100%|HS|  |TAMS 0x000000008e500000, 0x000000008e500000| Complete 
| 172|0x000000008e600000, 0x000000008e700000, 0x000000008e700000|100%| O|  |TAMS 0x000000008e600000, 0x000000008e600000| Untracked 
| 173|0x000000008e700000, 0x000000008e800000, 0x000000008e800000|100%| O|  |TAMS 0x000000008e700000, 0x000000008e700000| Untracked 
| 174|0x000000008e800000, 0x000000008e900000, 0x000000008e900000|100%| O|  |TAMS 0x000000008e800000, 0x000000008e800000| Untracked 
| 175|0x000000008e900000, 0x000000008ea00000, 0x000000008ea00000|100%| O|  |TAMS 0x000000008e900000, 0x000000008e900000| Untracked 
| 176|0x000000008ea00000, 0x000000008eb00000, 0x000000008eb00000|100%| O|  |TAMS 0x000000008ea00000, 0x000000008ea00000| Untracked 
| 177|0x000000008eb00000, 0x000000008ec00000, 0x000000008ec00000|100%| O|  |TAMS 0x000000008eb00000, 0x000000008eb00000| Untracked 
| 178|0x000000008ec00000, 0x000000008ed00000, 0x000000008ed00000|100%| O|  |TAMS 0x000000008ec00000, 0x000000008ec00000| Untracked 
| 179|0x000000008ed00000, 0x000000008ee00000, 0x000000008ee00000|100%| O|  |TAMS 0x000000008ed00000, 0x000000008ed00000| Untracked 
| 180|0x000000008ee00000, 0x000000008ef00000, 0x000000008ef00000|100%| O|  |TAMS 0x000000008ee00000, 0x000000008ee00000| Untracked 
| 181|0x000000008ef00000, 0x000000008f000000, 0x000000008f000000|100%| O|  |TAMS 0x000000008ef00000, 0x000000008ef00000| Untracked 
| 182|0x000000008f000000, 0x000000008f100000, 0x000000008f100000|100%| O|  |TAMS 0x000000008f000000, 0x000000008f000000| Untracked 
| 183|0x000000008f100000, 0x000000008f200000, 0x000000008f200000|100%| O|  |TAMS 0x000000008f100000, 0x000000008f100000| Untracked 
| 184|0x000000008f200000, 0x000000008f300000, 0x000000008f300000|100%| O|  |TAMS 0x000000008f200000, 0x000000008f200000| Untracked 
| 185|0x000000008f300000, 0x000000008f400000, 0x000000008f400000|100%| O|  |TAMS 0x000000008f300000, 0x000000008f300000| Untracked 
| 186|0x000000008f400000, 0x000000008f500000, 0x000000008f500000|100%| O|  |TAMS 0x000000008f400000, 0x000000008f400000| Untracked 
| 187|0x000000008f500000, 0x000000008f600000, 0x000000008f600000|100%| O|  |TAMS 0x000000008f500000, 0x000000008f500000| Untracked 
| 188|0x000000008f600000, 0x000000008f700000, 0x000000008f700000|100%| O|  |TAMS 0x000000008f600000, 0x000000008f600000| Untracked 
| 189|0x000000008f700000, 0x000000008f800000, 0x000000008f800000|100%| O|  |TAMS 0x000000008f700000, 0x000000008f700000| Untracked 
| 190|0x000000008f800000, 0x000000008f900000, 0x000000008f900000|100%| O|  |TAMS 0x000000008f800000, 0x000000008f800000| Untracked 
| 191|0x000000008f900000, 0x000000008fa00000, 0x000000008fa00000|100%| O|  |TAMS 0x000000008f900000, 0x000000008f900000| Untracked 
| 192|0x000000008fa00000, 0x000000008fb00000, 0x000000008fb00000|100%| O|  |TAMS 0x000000008fa00000, 0x000000008fa00000| Untracked 
| 193|0x000000008fb00000, 0x000000008fc00000, 0x000000008fc00000|100%| O|  |TAMS 0x000000008fb00000, 0x000000008fb00000| Untracked 
| 194|0x000000008fc00000, 0x000000008fd00000, 0x000000008fd00000|100%| O|  |TAMS 0x000000008fc00000, 0x000000008fc00000| Untracked 
| 195|0x000000008fd00000, 0x000000008fe00000, 0x000000008fe00000|100%| O|  |TAMS 0x000000008fd00000, 0x000000008fd00000| Untracked 
| 196|0x000000008fe00000, 0x000000008ff00000, 0x000000008ff00000|100%| O|  |TAMS 0x000000008fe00000, 0x000000008fe00000| Untracked 
| 197|0x000000008ff00000, 0x0000000090000000, 0x0000000090000000|100%| O|  |TAMS 0x000000008ff00000, 0x000000008ff00000| Untracked 
| 198|0x0000000090000000, 0x0000000090100000, 0x0000000090100000|100%| O|  |TAMS 0x0000000090000000, 0x0000000090000000| Untracked 
| 199|0x0000000090100000, 0x0000000090200000, 0x0000000090200000|100%| O|  |TAMS 0x0000000090100000, 0x0000000090100000| Untracked 
| 200|0x0000000090200000, 0x0000000090300000, 0x0000000090300000|100%| O|  |TAMS 0x0000000090200000, 0x0000000090200000| Untracked 
| 201|0x0000000090300000, 0x0000000090400000, 0x0000000090400000|100%| O|  |TAMS 0x0000000090300000, 0x0000000090300000| Untracked 
| 202|0x0000000090400000, 0x0000000090500000, 0x0000000090500000|100%| O|  |TAMS 0x0000000090400000, 0x0000000090400000| Untracked 
| 203|0x0000000090500000, 0x0000000090600000, 0x0000000090600000|100%| O|  |TAMS 0x0000000090500000, 0x0000000090500000| Untracked 
| 204|0x0000000090600000, 0x0000000090700000, 0x0000000090700000|100%| O|  |TAMS 0x0000000090600000, 0x0000000090600000| Untracked 
| 205|0x0000000090700000, 0x0000000090800000, 0x0000000090800000|100%| O|  |TAMS 0x0000000090700000, 0x0000000090700000| Untracked 
| 206|0x0000000090800000, 0x0000000090900000, 0x0000000090900000|100%| O|  |TAMS 0x0000000090800000, 0x0000000090800000| Untracked 
| 207|0x0000000090900000, 0x0000000090a00000, 0x0000000090a00000|100%| O|  |TAMS 0x0000000090900000, 0x0000000090900000| Untracked 
| 208|0x0000000090a00000, 0x0000000090b00000, 0x0000000090b00000|100%| O|  |TAMS 0x0000000090a00000, 0x0000000090a00000| Untracked 
| 209|0x0000000090b00000, 0x0000000090c00000, 0x0000000090c00000|100%| O|  |TAMS 0x0000000090b00000, 0x0000000090b00000| Untracked 
| 210|0x0000000090c00000, 0x0000000090d00000, 0x0000000090d00000|100%| O|  |TAMS 0x0000000090c00000, 0x0000000090c00000| Untracked 
| 211|0x0000000090d00000, 0x0000000090e00000, 0x0000000090e00000|100%| O|  |TAMS 0x0000000090d00000, 0x0000000090d00000| Untracked 
| 212|0x0000000090e00000, 0x0000000090f00000, 0x0000000090f00000|100%| O|  |TAMS 0x0000000090e00000, 0x0000000090e00000| Untracked 
| 213|0x0000000090f00000, 0x0000000091000000, 0x0000000091000000|100%| O|  |TAMS 0x0000000090f00000, 0x0000000090f00000| Untracked 
| 214|0x0000000091000000, 0x0000000091100000, 0x0000000091100000|100%| O|  |TAMS 0x0000000091000000, 0x0000000091000000| Untracked 
| 215|0x0000000091100000, 0x0000000091200000, 0x0000000091200000|100%| O|  |TAMS 0x0000000091100000, 0x0000000091100000| Untracked 
| 216|0x0000000091200000, 0x0000000091300000, 0x0000000091300000|100%| O|  |TAMS 0x0000000091200000, 0x0000000091200000| Untracked 
| 217|0x0000000091300000, 0x0000000091400000, 0x0000000091400000|100%| O|  |TAMS 0x0000000091300000, 0x0000000091300000| Untracked 
| 218|0x0000000091400000, 0x0000000091500000, 0x0000000091500000|100%| O|  |TAMS 0x0000000091400000, 0x0000000091400000| Untracked 
| 219|0x0000000091500000, 0x0000000091600000, 0x0000000091600000|100%| O|  |TAMS 0x0000000091500000, 0x0000000091500000| Untracked 
| 220|0x0000000091600000, 0x0000000091700000, 0x0000000091700000|100%| O|  |TAMS 0x0000000091600000, 0x0000000091600000| Untracked 
| 221|0x0000000091700000, 0x0000000091800000, 0x0000000091800000|100%| O|  |TAMS 0x0000000091700000, 0x0000000091700000| Untracked 
| 222|0x0000000091800000, 0x0000000091900000, 0x0000000091900000|100%| O|  |TAMS 0x0000000091800000, 0x0000000091800000| Untracked 
| 223|0x0000000091900000, 0x0000000091a00000, 0x0000000091a00000|100%| O|  |TAMS 0x0000000091900000, 0x0000000091900000| Untracked 
| 224|0x0000000091a00000, 0x0000000091b00000, 0x0000000091b00000|100%| O|  |TAMS 0x0000000091a00000, 0x0000000091a00000| Untracked 
| 225|0x0000000091b00000, 0x0000000091c00000, 0x0000000091c00000|100%| O|  |TAMS 0x0000000091b00000, 0x0000000091b00000| Untracked 
| 226|0x0000000091c00000, 0x0000000091d00000, 0x0000000091d00000|100%| O|  |TAMS 0x0000000091c00000, 0x0000000091c00000| Untracked 
| 227|0x0000000091d00000, 0x0000000091e00000, 0x0000000091e00000|100%| O|  |TAMS 0x0000000091d00000, 0x0000000091d00000| Untracked 
| 228|0x0000000091e00000, 0x0000000091f00000, 0x0000000091f00000|100%| O|  |TAMS 0x0000000091e00000, 0x0000000091e00000| Untracked 
| 229|0x0000000091f00000, 0x0000000091fe7400, 0x0000000092000000| 90%| O|  |TAMS 0x0000000091f00000, 0x0000000091f00000| Untracked 
| 230|0x0000000092000000, 0x0000000092000000, 0x0000000092100000|  0%| F|  |TAMS 0x0000000092000000, 0x0000000092000000| Untracked 
| 231|0x0000000092100000, 0x0000000092100000, 0x0000000092200000|  0%| F|  |TAMS 0x0000000092100000, 0x0000000092100000| Untracked 
| 232|0x0000000092200000, 0x0000000092200000, 0x0000000092300000|  0%| F|  |TAMS 0x0000000092200000, 0x0000000092200000| Untracked 
| 233|0x0000000092300000, 0x0000000092300000, 0x0000000092400000|  0%| F|  |TAMS 0x0000000092300000, 0x0000000092300000| Untracked 
| 234|0x0000000092400000, 0x0000000092400000, 0x0000000092500000|  0%| F|  |TAMS 0x0000000092400000, 0x0000000092400000| Untracked 
| 235|0x0000000092500000, 0x0000000092500000, 0x0000000092600000|  0%| F|  |TAMS 0x0000000092500000, 0x0000000092500000| Untracked 
| 236|0x0000000092600000, 0x0000000092600000, 0x0000000092700000|  0%| F|  |TAMS 0x0000000092600000, 0x0000000092600000| Untracked 
| 237|0x0000000092700000, 0x0000000092700000, 0x0000000092800000|  0%| F|  |TAMS 0x0000000092700000, 0x0000000092700000| Untracked 
| 238|0x0000000092800000, 0x0000000092800000, 0x0000000092900000|  0%| F|  |TAMS 0x0000000092800000, 0x0000000092800000| Untracked 
| 239|0x0000000092900000, 0x0000000092900000, 0x0000000092a00000|  0%| F|  |TAMS 0x0000000092900000, 0x0000000092900000| Untracked 
| 240|0x0000000092a00000, 0x0000000092a00000, 0x0000000092b00000|  0%| F|  |TAMS 0x0000000092a00000, 0x0000000092a00000| Untracked 
| 241|0x0000000092b00000, 0x0000000092b00000, 0x0000000092c00000|  0%| F|  |TAMS 0x0000000092b00000, 0x0000000092b00000| Untracked 
| 242|0x0000000092c00000, 0x0000000092c00000, 0x0000000092d00000|  0%| F|  |TAMS 0x0000000092c00000, 0x0000000092c00000| Untracked 
| 243|0x0000000092d00000, 0x0000000092d00000, 0x0000000092e00000|  0%| F|  |TAMS 0x0000000092d00000, 0x0000000092d00000| Untracked 
| 244|0x0000000092e00000, 0x0000000092e00000, 0x0000000092f00000|  0%| F|  |TAMS 0x0000000092e00000, 0x0000000092e00000| Untracked 
| 245|0x0000000092f00000, 0x0000000092f00000, 0x0000000093000000|  0%| F|  |TAMS 0x0000000092f00000, 0x0000000092f00000| Untracked 
| 246|0x0000000093000000, 0x0000000093000000, 0x0000000093100000|  0%| F|  |TAMS 0x0000000093000000, 0x0000000093000000| Untracked 
| 247|0x0000000093100000, 0x0000000093100000, 0x0000000093200000|  0%| F|  |TAMS 0x0000000093100000, 0x0000000093100000| Untracked 
| 248|0x0000000093200000, 0x0000000093200000, 0x0000000093300000|  0%| F|  |TAMS 0x0000000093200000, 0x0000000093200000| Untracked 
| 249|0x0000000093300000, 0x0000000093300000, 0x0000000093400000|  0%| F|  |TAMS 0x0000000093300000, 0x0000000093300000| Untracked 
| 250|0x0000000093400000, 0x0000000093400000, 0x0000000093500000|  0%| F|  |TAMS 0x0000000093400000, 0x0000000093400000| Untracked 
| 251|0x0000000093500000, 0x0000000093500000, 0x0000000093600000|  0%| F|  |TAMS 0x0000000093500000, 0x0000000093500000| Untracked 
| 252|0x0000000093600000, 0x0000000093600000, 0x0000000093700000|  0%| F|  |TAMS 0x0000000093600000, 0x0000000093600000| Untracked 
| 253|0x0000000093700000, 0x0000000093700000, 0x0000000093800000|  0%| F|  |TAMS 0x0000000093700000, 0x0000000093700000| Untracked 
| 254|0x0000000093800000, 0x0000000093800000, 0x0000000093900000|  0%| F|  |TAMS 0x0000000093800000, 0x0000000093800000| Untracked 
| 255|0x0000000093900000, 0x0000000093900000, 0x0000000093a00000|  0%| F|  |TAMS 0x0000000093900000, 0x0000000093900000| Untracked 
| 256|0x0000000093a00000, 0x0000000093a00000, 0x0000000093b00000|  0%| F|  |TAMS 0x0000000093a00000, 0x0000000093a00000| Untracked 
| 257|0x0000000093b00000, 0x0000000093b00000, 0x0000000093c00000|  0%| F|  |TAMS 0x0000000093b00000, 0x0000000093b00000| Untracked 
| 258|0x0000000093c00000, 0x0000000093c00000, 0x0000000093d00000|  0%| F|  |TAMS 0x0000000093c00000, 0x0000000093c00000| Untracked 
| 259|0x0000000093d00000, 0x0000000093d00000, 0x0000000093e00000|  0%| F|  |TAMS 0x0000000093d00000, 0x0000000093d00000| Untracked 
| 260|0x0000000093e00000, 0x0000000093e00000, 0x0000000093f00000|  0%| F|  |TAMS 0x0000000093e00000, 0x0000000093e00000| Untracked 
| 261|0x0000000093f00000, 0x0000000093f00000, 0x0000000094000000|  0%| F|  |TAMS 0x0000000093f00000, 0x0000000093f00000| Untracked 
| 262|0x0000000094000000, 0x0000000094000000, 0x0000000094100000|  0%| F|  |TAMS 0x0000000094000000, 0x0000000094000000| Untracked 
| 263|0x0000000094100000, 0x0000000094100000, 0x0000000094200000|  0%| F|  |TAMS 0x0000000094100000, 0x0000000094100000| Untracked 
| 264|0x0000000094200000, 0x0000000094200000, 0x0000000094300000|  0%| F|  |TAMS 0x0000000094200000, 0x0000000094200000| Untracked 
| 265|0x0000000094300000, 0x0000000094300000, 0x0000000094400000|  0%| F|  |TAMS 0x0000000094300000, 0x0000000094300000| Untracked 
| 266|0x0000000094400000, 0x0000000094400000, 0x0000000094500000|  0%| F|  |TAMS 0x0000000094400000, 0x0000000094400000| Untracked 
| 267|0x0000000094500000, 0x0000000094500000, 0x0000000094600000|  0%| F|  |TAMS 0x0000000094500000, 0x0000000094500000| Untracked 
| 268|0x0000000094600000, 0x0000000094600000, 0x0000000094700000|  0%| F|  |TAMS 0x0000000094600000, 0x0000000094600000| Untracked 
| 269|0x0000000094700000, 0x0000000094700000, 0x0000000094800000|  0%| F|  |TAMS 0x0000000094700000, 0x0000000094700000| Untracked 
| 270|0x0000000094800000, 0x0000000094800000, 0x0000000094900000|  0%| F|  |TAMS 0x0000000094800000, 0x0000000094800000| Untracked 
| 271|0x0000000094900000, 0x0000000094900000, 0x0000000094a00000|  0%| F|  |TAMS 0x0000000094900000, 0x0000000094900000| Untracked 
| 272|0x0000000094a00000, 0x0000000094a00000, 0x0000000094b00000|  0%| F|  |TAMS 0x0000000094a00000, 0x0000000094a00000| Untracked 
| 273|0x0000000094b00000, 0x0000000094b00000, 0x0000000094c00000|  0%| F|  |TAMS 0x0000000094b00000, 0x0000000094b00000| Untracked 
| 274|0x0000000094c00000, 0x0000000094c00000, 0x0000000094d00000|  0%| F|  |TAMS 0x0000000094c00000, 0x0000000094c00000| Untracked 
| 275|0x0000000094d00000, 0x0000000094d00000, 0x0000000094e00000|  0%| F|  |TAMS 0x0000000094d00000, 0x0000000094d00000| Untracked 
| 276|0x0000000094e00000, 0x0000000094e00000, 0x0000000094f00000|  0%| F|  |TAMS 0x0000000094e00000, 0x0000000094e00000| Untracked 
| 277|0x0000000094f00000, 0x0000000094f00000, 0x0000000095000000|  0%| F|  |TAMS 0x0000000094f00000, 0x0000000094f00000| Untracked 
| 278|0x0000000095000000, 0x0000000095000000, 0x0000000095100000|  0%| F|  |TAMS 0x0000000095000000, 0x0000000095000000| Untracked 
| 279|0x0000000095100000, 0x0000000095100000, 0x0000000095200000|  0%| F|  |TAMS 0x0000000095100000, 0x0000000095100000| Untracked 
| 280|0x0000000095200000, 0x0000000095200000, 0x0000000095300000|  0%| F|  |TAMS 0x0000000095200000, 0x0000000095200000| Untracked 
| 281|0x0000000095300000, 0x0000000095300000, 0x0000000095400000|  0%| F|  |TAMS 0x0000000095300000, 0x0000000095300000| Untracked 
| 282|0x0000000095400000, 0x0000000095400000, 0x0000000095500000|  0%| F|  |TAMS 0x0000000095400000, 0x0000000095400000| Untracked 
| 283|0x0000000095500000, 0x0000000095500000, 0x0000000095600000|  0%| F|  |TAMS 0x0000000095500000, 0x0000000095500000| Untracked 
| 284|0x0000000095600000, 0x0000000095600000, 0x0000000095700000|  0%| F|  |TAMS 0x0000000095600000, 0x0000000095600000| Untracked 
| 285|0x0000000095700000, 0x0000000095700000, 0x0000000095800000|  0%| F|  |TAMS 0x0000000095700000, 0x0000000095700000| Untracked 
| 286|0x0000000095800000, 0x0000000095800000, 0x0000000095900000|  0%| F|  |TAMS 0x0000000095800000, 0x0000000095800000| Untracked 
| 287|0x0000000095900000, 0x0000000095900000, 0x0000000095a00000|  0%| F|  |TAMS 0x0000000095900000, 0x0000000095900000| Untracked 
| 288|0x0000000095a00000, 0x0000000095a00000, 0x0000000095b00000|  0%| F|  |TAMS 0x0000000095a00000, 0x0000000095a00000| Untracked 
| 289|0x0000000095b00000, 0x0000000095b00000, 0x0000000095c00000|  0%| F|  |TAMS 0x0000000095b00000, 0x0000000095b00000| Untracked 
| 290|0x0000000095c00000, 0x0000000095c00000, 0x0000000095d00000|  0%| F|  |TAMS 0x0000000095c00000, 0x0000000095c00000| Untracked 
| 291|0x0000000095d00000, 0x0000000095d00000, 0x0000000095e00000|  0%| F|  |TAMS 0x0000000095d00000, 0x0000000095d00000| Untracked 
| 292|0x0000000095e00000, 0x0000000095e00000, 0x0000000095f00000|  0%| F|  |TAMS 0x0000000095e00000, 0x0000000095e00000| Untracked 
| 293|0x0000000095f00000, 0x0000000095f00000, 0x0000000096000000|  0%| F|  |TAMS 0x0000000095f00000, 0x0000000095f00000| Untracked 
| 294|0x0000000096000000, 0x0000000096000000, 0x0000000096100000|  0%| F|  |TAMS 0x0000000096000000, 0x0000000096000000| Untracked 
| 295|0x0000000096100000, 0x0000000096100000, 0x0000000096200000|  0%| F|  |TAMS 0x0000000096100000, 0x0000000096100000| Untracked 
| 296|0x0000000096200000, 0x0000000096200000, 0x0000000096300000|  0%| F|  |TAMS 0x0000000096200000, 0x0000000096200000| Untracked 
| 297|0x0000000096300000, 0x0000000096300000, 0x0000000096400000|  0%| F|  |TAMS 0x0000000096300000, 0x0000000096300000| Untracked 
| 298|0x0000000096400000, 0x0000000096400000, 0x0000000096500000|  0%| F|  |TAMS 0x0000000096400000, 0x0000000096400000| Untracked 
| 299|0x0000000096500000, 0x0000000096500000, 0x0000000096600000|  0%| F|  |TAMS 0x0000000096500000, 0x0000000096500000| Untracked 
| 300|0x0000000096600000, 0x0000000096600000, 0x0000000096700000|  0%| F|  |TAMS 0x0000000096600000, 0x0000000096600000| Untracked 
| 301|0x0000000096700000, 0x0000000096700000, 0x0000000096800000|  0%| F|  |TAMS 0x0000000096700000, 0x0000000096700000| Untracked 
| 302|0x0000000096800000, 0x0000000096800000, 0x0000000096900000|  0%| F|  |TAMS 0x0000000096800000, 0x0000000096800000| Untracked 
| 303|0x0000000096900000, 0x0000000096900000, 0x0000000096a00000|  0%| F|  |TAMS 0x0000000096900000, 0x0000000096900000| Untracked 
| 304|0x0000000096a00000, 0x0000000096a00000, 0x0000000096b00000|  0%| F|  |TAMS 0x0000000096a00000, 0x0000000096a00000| Untracked 
| 305|0x0000000096b00000, 0x0000000096b00000, 0x0000000096c00000|  0%| F|  |TAMS 0x0000000096b00000, 0x0000000096b00000| Untracked 
| 306|0x0000000096c00000, 0x0000000096c00000, 0x0000000096d00000|  0%| F|  |TAMS 0x0000000096c00000, 0x0000000096c00000| Untracked 
| 307|0x0000000096d00000, 0x0000000096d00000, 0x0000000096e00000|  0%| F|  |TAMS 0x0000000096d00000, 0x0000000096d00000| Untracked 
| 308|0x0000000096e00000, 0x0000000096e00000, 0x0000000096f00000|  0%| F|  |TAMS 0x0000000096e00000, 0x0000000096e00000| Untracked 
| 309|0x0000000096f00000, 0x0000000096f00000, 0x0000000097000000|  0%| F|  |TAMS 0x0000000096f00000, 0x0000000096f00000| Untracked 
| 310|0x0000000097000000, 0x0000000097000000, 0x0000000097100000|  0%| F|  |TAMS 0x0000000097000000, 0x0000000097000000| Untracked 
| 311|0x0000000097100000, 0x0000000097100000, 0x0000000097200000|  0%| F|  |TAMS 0x0000000097100000, 0x0000000097100000| Untracked 
| 312|0x0000000097200000, 0x0000000097200000, 0x0000000097300000|  0%| F|  |TAMS 0x0000000097200000, 0x0000000097200000| Untracked 
| 313|0x0000000097300000, 0x0000000097300000, 0x0000000097400000|  0%| F|  |TAMS 0x0000000097300000, 0x0000000097300000| Untracked 
| 314|0x0000000097400000, 0x0000000097400000, 0x0000000097500000|  0%| F|  |TAMS 0x0000000097400000, 0x0000000097400000| Untracked 
| 315|0x0000000097500000, 0x0000000097500000, 0x0000000097600000|  0%| F|  |TAMS 0x0000000097500000, 0x0000000097500000| Untracked 
| 316|0x0000000097600000, 0x0000000097600000, 0x0000000097700000|  0%| F|  |TAMS 0x0000000097600000, 0x0000000097600000| Untracked 
| 317|0x0000000097700000, 0x0000000097700000, 0x0000000097800000|  0%| F|  |TAMS 0x0000000097700000, 0x0000000097700000| Untracked 
| 318|0x0000000097800000, 0x0000000097800000, 0x0000000097900000|  0%| F|  |TAMS 0x0000000097800000, 0x0000000097800000| Untracked 
| 319|0x0000000097900000, 0x0000000097900000, 0x0000000097a00000|  0%| F|  |TAMS 0x0000000097900000, 0x0000000097900000| Untracked 
| 320|0x0000000097a00000, 0x0000000097a00000, 0x0000000097b00000|  0%| F|  |TAMS 0x0000000097a00000, 0x0000000097a00000| Untracked 
| 321|0x0000000097b00000, 0x0000000097b00000, 0x0000000097c00000|  0%| F|  |TAMS 0x0000000097b00000, 0x0000000097b00000| Untracked 
| 322|0x0000000097c00000, 0x0000000097c00000, 0x0000000097d00000|  0%| F|  |TAMS 0x0000000097c00000, 0x0000000097c00000| Untracked 
| 323|0x0000000097d00000, 0x0000000097d00000, 0x0000000097e00000|  0%| F|  |TAMS 0x0000000097d00000, 0x0000000097d00000| Untracked 
| 324|0x0000000097e00000, 0x0000000097e00000, 0x0000000097f00000|  0%| F|  |TAMS 0x0000000097e00000, 0x0000000097e00000| Untracked 
| 325|0x0000000097f00000, 0x0000000097f00000, 0x0000000098000000|  0%| F|  |TAMS 0x0000000097f00000, 0x0000000097f00000| Untracked 
| 326|0x0000000098000000, 0x0000000098000000, 0x0000000098100000|  0%| F|  |TAMS 0x0000000098000000, 0x0000000098000000| Untracked 
| 327|0x0000000098100000, 0x0000000098100000, 0x0000000098200000|  0%| F|  |TAMS 0x0000000098100000, 0x0000000098100000| Untracked 
| 328|0x0000000098200000, 0x0000000098200000, 0x0000000098300000|  0%| F|  |TAMS 0x0000000098200000, 0x0000000098200000| Untracked 
| 329|0x0000000098300000, 0x0000000098300000, 0x0000000098400000|  0%| F|  |TAMS 0x0000000098300000, 0x0000000098300000| Untracked 
| 330|0x0000000098400000, 0x0000000098400000, 0x0000000098500000|  0%| F|  |TAMS 0x0000000098400000, 0x0000000098400000| Untracked 
| 331|0x0000000098500000, 0x0000000098500000, 0x0000000098600000|  0%| F|  |TAMS 0x0000000098500000, 0x0000000098500000| Untracked 
| 332|0x0000000098600000, 0x0000000098600000, 0x0000000098700000|  0%| F|  |TAMS 0x0000000098600000, 0x0000000098600000| Untracked 
| 333|0x0000000098700000, 0x0000000098700000, 0x0000000098800000|  0%| F|  |TAMS 0x0000000098700000, 0x0000000098700000| Untracked 
| 334|0x0000000098800000, 0x0000000098800000, 0x0000000098900000|  0%| F|  |TAMS 0x0000000098800000, 0x0000000098800000| Untracked 
| 335|0x0000000098900000, 0x0000000098900000, 0x0000000098a00000|  0%| F|  |TAMS 0x0000000098900000, 0x0000000098900000| Untracked 
| 336|0x0000000098a00000, 0x0000000098a00000, 0x0000000098b00000|  0%| F|  |TAMS 0x0000000098a00000, 0x0000000098a00000| Untracked 
| 337|0x0000000098b00000, 0x0000000098b00000, 0x0000000098c00000|  0%| F|  |TAMS 0x0000000098b00000, 0x0000000098b00000| Untracked 
| 338|0x0000000098c00000, 0x0000000098c00000, 0x0000000098d00000|  0%| F|  |TAMS 0x0000000098c00000, 0x0000000098c00000| Untracked 
| 339|0x0000000098d00000, 0x0000000098d00000, 0x0000000098e00000|  0%| F|  |TAMS 0x0000000098d00000, 0x0000000098d00000| Untracked 
| 340|0x0000000098e00000, 0x0000000098e00000, 0x0000000098f00000|  0%| F|  |TAMS 0x0000000098e00000, 0x0000000098e00000| Untracked 
| 341|0x0000000098f00000, 0x0000000098f00000, 0x0000000099000000|  0%| F|  |TAMS 0x0000000098f00000, 0x0000000098f00000| Untracked 
| 342|0x0000000099000000, 0x0000000099000000, 0x0000000099100000|  0%| F|  |TAMS 0x0000000099000000, 0x0000000099000000| Untracked 
| 343|0x0000000099100000, 0x0000000099100000, 0x0000000099200000|  0%| F|  |TAMS 0x0000000099100000, 0x0000000099100000| Untracked 
| 344|0x0000000099200000, 0x0000000099200000, 0x0000000099300000|  0%| F|  |TAMS 0x0000000099200000, 0x0000000099200000| Untracked 
| 345|0x0000000099300000, 0x0000000099300000, 0x0000000099400000|  0%| F|  |TAMS 0x0000000099300000, 0x0000000099300000| Untracked 
| 346|0x0000000099400000, 0x0000000099400000, 0x0000000099500000|  0%| F|  |TAMS 0x0000000099400000, 0x0000000099400000| Untracked 
| 347|0x0000000099500000, 0x0000000099500000, 0x0000000099600000|  0%| F|  |TAMS 0x0000000099500000, 0x0000000099500000| Untracked 
| 348|0x0000000099600000, 0x00000000996fb9e0, 0x0000000099700000| 98%| S|CS|TAMS 0x0000000099600000, 0x0000000099600000| Complete 
| 349|0x0000000099700000, 0x0000000099800000, 0x0000000099800000|100%| S|CS|TAMS 0x0000000099700000, 0x0000000099700000| Complete 
| 350|0x0000000099800000, 0x0000000099900000, 0x0000000099900000|100%| S|CS|TAMS 0x0000000099800000, 0x0000000099800000| Complete 
| 351|0x0000000099900000, 0x0000000099900000, 0x0000000099a00000|  0%| F|  |TAMS 0x0000000099900000, 0x0000000099900000| Untracked 
| 352|0x0000000099a00000, 0x0000000099a00000, 0x0000000099b00000|  0%| F|  |TAMS 0x0000000099a00000, 0x0000000099a00000| Untracked 
| 353|0x0000000099b00000, 0x0000000099b00000, 0x0000000099c00000|  0%| F|  |TAMS 0x0000000099b00000, 0x0000000099b00000| Untracked 
| 354|0x0000000099c00000, 0x0000000099c00000, 0x0000000099d00000|  0%| F|  |TAMS 0x0000000099c00000, 0x0000000099c00000| Untracked 
| 355|0x0000000099d00000, 0x0000000099d00000, 0x0000000099e00000|  0%| F|  |TAMS 0x0000000099d00000, 0x0000000099d00000| Untracked 
| 356|0x0000000099e00000, 0x0000000099e00000, 0x0000000099f00000|  0%| F|  |TAMS 0x0000000099e00000, 0x0000000099e00000| Untracked 

Card table byte_map: [0x0000016b62cc0000,0x0000016b630b0000] _byte_map_base: 0x0000016b628a3000

Marking Bits (Prev, Next): (CMBitMap*) 0x0000016b4be5e930, (CMBitMap*) 0x0000016b4be5e8f0
 Prev Bits: [0x0000016b653c0000, 0x0000016b672d8000)
 Next Bits: [0x0000016b634a0000, 0x0000016b653b8000)

Polling page: 0x0000016b49e30000

Metaspace:

Usage:
  Non-class:     18.09 MB used.
      Class:      2.89 MB used.
       Both:     20.98 MB used.

Virtual space:
  Non-class space:       24.00 MB reserved,      18.25 MB ( 76%) committed,  3 nodes.
      Class space:        1.00 GB reserved,       3.06 MB ( <1%) committed,  1 nodes.
              Both:        1.02 GB reserved,      21.31 MB (  2%) committed. 

Chunk freelists:
   Non-Class:  1.45 MB
       Class:  946.00 KB
        Both:  2.38 MB

MaxMetaspaceSize: 17179869184.00 GB
CompressedClassSpaceSize: 1.00 GB
 - commit_granule_bytes: 65536.
 - commit_granule_words: 8192.
 - virtual_space_node_default_size: 1048576.
 - enlarge_chunks_in_place: 1.
 - new_chunks_are_fully_committed: 0.
 - uncommit_free_chunks: 1.
 - use_allocation_guard: 0.
 - handle_deallocations: 1.


Internal statistics:

num_allocs_failed_limit: 0.
num_arena_births: 424.
num_arena_deaths: 0.
num_vsnodes_births: 4.
num_vsnodes_deaths: 0.
num_space_committed: 341.
num_space_uncommitted: 0.
num_chunks_returned_to_freelist: 0.
num_chunks_taken_from_freelist: 1211.
num_chunk_merges: 0.
num_chunk_splits: 820.
num_chunks_enlarged: 575.
num_purges: 0.

CodeHeap 'non-profiled nmethods': size=120000Kb used=2575Kb max_used=2575Kb free=117424Kb
 bounds [0x0000016b5b070000, 0x0000016b5b300000, 0x0000016b625a0000]
CodeHeap 'profiled nmethods': size=120000Kb used=10726Kb max_used=10726Kb free=109273Kb
 bounds [0x0000016b53b40000, 0x0000016b545c0000, 0x0000016b5b070000]
CodeHeap 'non-nmethods': size=5760Kb used=1516Kb max_used=1551Kb free=4243Kb
 bounds [0x0000016b535a0000, 0x0000016b53810000, 0x0000016b53b40000]
 total_blobs=6103 nmethods=5222 adapters=793
 compilation: enabled
              stopped_count=0, restarted_count=0
 full_count=0

Compilation events (20 events):
Event: 23.709 Thread 0x0000016b7019c820 nmethod 5215 0x0000016b5b2e4610 code [0x0000016b5b2e47a0, 0x0000016b5b2e4a58]
Event: 23.709 Thread 0x0000016b7019c820 5237       4       java.lang.String::substring (58 bytes)
Event: 23.716 Thread 0x0000016b7019c820 nmethod 5237 0x0000016b5b2e4b90 code [0x0000016b5b2e4d60, 0x0000016b5b2e5838]
Event: 23.716 Thread 0x0000016b7019c820 5216       4       java.lang.StringConcatHelper::prepend (22 bytes)
Event: 23.719 Thread 0x0000016b7019c820 nmethod 5216 0x0000016b5b2e5c90 code [0x0000016b5b2e5e40, 0x0000016b5b2e6418]
Event: 23.719 Thread 0x0000016b7019c820 5234       4       java.lang.invoke.Invokers$Holder::linkToTargetMethod (9 bytes)
Event: 23.719 Thread 0x0000016b7019c820 nmethod 5234 0x0000016b5b2e6710 code [0x0000016b5b2e68a0, 0x0000016b5b2e6978]
Event: 23.719 Thread 0x0000016b7019c820 5217       4       javafx.scene.Node$TreeVisiblePropertyReadOnly::get (13 bytes)
Event: 23.719 Thread 0x0000016b7019c820 nmethod 5217 0x0000016b5b2e6a90 code [0x0000016b5b2e6c20, 0x0000016b5b2e6cb8]
Event: 23.723 Thread 0x0000016b69ccdc50 nmethod 5187 0x0000016b5b2e6d90 code [0x0000016b5b2e6f40, 0x0000016b5b2e7838]
Event: 23.727 Thread 0x0000016b69ccdc50 5239 % !   4       com.example.dictionary.InitData::load @ 33 (139 bytes)
Event: 23.768 Thread 0x0000016b69ccdc50 nmethod 5239% 0x0000016b5b2e7990 code [0x0000016b5b2e7c60, 0x0000016b5b2e9a38]
Event: 23.774 Thread 0x0000016b7019c820 5240   !   4       com.example.dictionary.InitData::load (139 bytes)
Event: 23.828 Thread 0x0000016b69ccdc50 5241   !   4       java.nio.charset.CharsetDecoder::decode (275 bytes)
Event: 23.836 Thread 0x0000016b69ccdc50 nmethod 5241 0x0000016b5b2ead90 code [0x0000016b5b2eb060, 0x0000016b5b2eb988]
Event: 23.838 Thread 0x0000016b7019c820 nmethod 5240 0x0000016b5b2ec210 code [0x0000016b5b2ec5a0, 0x0000016b5b2ef040]
Event: 23.859 Thread 0x0000016b69ccdc50 5242       4       java.nio.HeapCharBuffer::<init> (23 bytes)
Event: 23.861 Thread 0x0000016b69ccdc50 nmethod 5242 0x0000016b5b2f0890 code [0x0000016b5b2f0a20, 0x0000016b5b2f0db8]
Event: 23.861 Thread 0x0000016b69ccdc50 5243       4       sun.nio.cs.StreamDecoder::implRead (243 bytes)
Event: 23.882 Thread 0x0000016b69ccdc50 nmethod 5243 0x0000016b5b2f1010 code [0x0000016b5b2f1380, 0x0000016b5b2f29e0]

GC Heap History (20 events):
Event: 2.669 GC heap after
{Heap after GC invocations=6 (full 0):
 garbage-first heap   total 129024K, used 75776K [0x0000000083a00000, 0x0000000100000000)
  region size 1024K, 4 young (4096K), 4 survivors (4096K)
 Metaspace       used 12099K, committed 12352K, reserved 1064960K
  class space    used 1628K, committed 1792K, reserved 1048576K
}
Event: 2.713 GC heap before
{Heap before GC invocations=7 (full 0):
 garbage-first heap   total 142336K, used 97280K [0x0000000083a00000, 0x0000000100000000)
  region size 1024K, 25 young (25600K), 4 survivors (4096K)
 Metaspace       used 12099K, committed 12352K, reserved 1064960K
  class space    used 1628K, committed 1792K, reserved 1048576K
}
Event: 2.718 GC heap after
{Heap after GC invocations=8 (full 0):
 garbage-first heap   total 142336K, used 83695K [0x0000000083a00000, 0x0000000100000000)
  region size 1024K, 4 young (4096K), 4 survivors (4096K)
 Metaspace       used 12099K, committed 12352K, reserved 1064960K
  class space    used 1628K, committed 1792K, reserved 1048576K
}
Event: 2.745 GC heap before
{Heap before GC invocations=8 (full 0):
 garbage-first heap   total 142336K, used 107247K [0x0000000083a00000, 0x0000000100000000)
  region size 1024K, 27 young (27648K), 4 survivors (4096K)
 Metaspace       used 12099K, committed 12352K, reserved 1064960K
  class space    used 1628K, committed 1792K, reserved 1048576K
}
Event: 2.751 GC heap after
{Heap after GC invocations=9 (full 0):
 garbage-first heap   total 284672K, used 91873K [0x0000000083a00000, 0x0000000100000000)
  region size 1024K, 4 young (4096K), 4 survivors (4096K)
 Metaspace       used 12099K, committed 12352K, reserved 1064960K
  class space    used 1628K, committed 1792K, reserved 1048576K
}
Event: 2.870 GC heap before
{Heap before GC invocations=10 (full 0):
 garbage-first heap   total 284672K, used 188129K [0x0000000083a00000, 0x0000000100000000)
  region size 1024K, 95 young (97280K), 4 survivors (4096K)
 Metaspace       used 12100K, committed 12352K, reserved 1064960K
  class space    used 1629K, committed 1792K, reserved 1048576K
}
Event: 2.885 GC heap after
{Heap after GC invocations=11 (full 0):
 garbage-first heap   total 284672K, used 125952K [0x0000000083a00000, 0x0000000100000000)
  region size 1024K, 12 young (12288K), 12 survivors (12288K)
 Metaspace       used 12100K, committed 12352K, reserved 1064960K
  class space    used 1629K, committed 1792K, reserved 1048576K
}
Event: 3.247 GC heap before
{Heap before GC invocations=11 (full 0):
 garbage-first heap   total 284672K, used 198656K [0x0000000083a00000, 0x0000000100000000)
  region size 1024K, 83 young (84992K), 12 survivors (12288K)
 Metaspace       used 14009K, committed 14272K, reserved 1064960K
  class space    used 1954K, committed 2112K, reserved 1048576K
}
Event: 3.268 GC heap after
{Heap after GC invocations=12 (full 0):
 garbage-first heap   total 284672K, used 151552K [0x0000000083a00000, 0x0000000100000000)
  region size 1024K, 11 young (11264K), 11 survivors (11264K)
 Metaspace       used 14009K, committed 14272K, reserved 1064960K
  class space    used 1954K, committed 2112K, reserved 1048576K
}
Event: 3.961 GC heap before
{Heap before GC invocations=12 (full 0):
 garbage-first heap   total 284672K, used 180224K [0x0000000083a00000, 0x0000000100000000)
  region size 1024K, 40 young (40960K), 11 survivors (11264K)
 Metaspace       used 19023K, committed 19264K, reserved 1073152K
  class space    used 2813K, committed 2944K, reserved 1048576K
}
Event: 3.977 GC heap after
{Heap after GC invocations=13 (full 0):
 garbage-first heap   total 284672K, used 159232K [0x0000000083a00000, 0x0000000100000000)
  region size 1024K, 6 young (6144K), 6 survivors (6144K)
 Metaspace       used 19023K, committed 19264K, reserved 1073152K
  class space    used 2813K, committed 2944K, reserved 1048576K
}
Event: 23.631 GC heap before
{Heap before GC invocations=14 (full 0):
 garbage-first heap   total 284672K, used 178688K [0x0000000083a00000, 0x0000000100000000)
  region size 1024K, 25 young (25600K), 6 survivors (6144K)
 Metaspace       used 21352K, committed 21632K, reserved 1073152K
  class space    used 2947K, committed 3072K, reserved 1048576K
}
Event: 23.635 GC heap after
{Heap after GC invocations=15 (full 0):
 garbage-first heap   total 284672K, used 162004K [0x0000000083a00000, 0x0000000100000000)
  region size 1024K, 3 young (3072K), 3 survivors (3072K)
 Metaspace       used 21352K, committed 21632K, reserved 1073152K
  class space    used 2947K, committed 3072K, reserved 1048576K
}
Event: 23.738 GC heap before
{Heap before GC invocations=16 (full 0):
 garbage-first heap   total 284672K, used 218324K [0x0000000083a00000, 0x0000000100000000)
  region size 1024K, 55 young (56320K), 3 survivors (3072K)
 Metaspace       used 21484K, committed 21824K, reserved 1073152K
  class space    used 2955K, committed 3136K, reserved 1048576K
}
Event: 23.747 GC heap after
{Heap after GC invocations=17 (full 0):
 garbage-first heap   total 284672K, used 182955K [0x0000000083a00000, 0x0000000100000000)
  region size 1024K, 8 young (8192K), 8 survivors (8192K)
 Metaspace       used 21484K, committed 21824K, reserved 1073152K
  class space    used 2955K, committed 3136K, reserved 1048576K
}
Event: 23.805 GC heap before
{Heap before GC invocations=17 (full 0):
 garbage-first heap   total 365568K, used 226987K [0x0000000083a00000, 0x0000000100000000)
  region size 1024K, 50 young (51200K), 8 survivors (8192K)
 Metaspace       used 21484K, committed 21824K, reserved 1073152K
  class space    used 2955K, committed 3136K, reserved 1048576K
}
Event: 23.814 GC heap after
{Heap after GC invocations=18 (full 0):
 garbage-first heap   total 365568K, used 198566K [0x0000000083a00000, 0x0000000100000000)
  region size 1024K, 7 young (7168K), 7 survivors (7168K)
 Metaspace       used 21484K, committed 21824K, reserved 1073152K
  class space    used 2955K, committed 3136K, reserved 1048576K
}
Event: 23.897 GC heap before
{Heap before GC invocations=19 (full 0):
 garbage-first heap   total 365568K, used 276390K [0x0000000083a00000, 0x0000000100000000)
  region size 1024K, 83 young (84992K), 7 survivors (7168K)
 Metaspace       used 21484K, committed 21824K, reserved 1073152K
  class space    used 2955K, committed 3136K, reserved 1048576K
}
Event: 23.908 GC heap after
{Heap after GC invocations=20 (full 0):
 garbage-first heap   total 365568K, used 224256K [0x0000000083a00000, 0x0000000100000000)
  region size 1024K, 11 young (11264K), 11 survivors (11264K)
 Metaspace       used 21484K, committed 21824K, reserved 1073152K
  class space    used 2955K, committed 3136K, reserved 1048576K
}
Event: 23.914 GC heap before
{Heap before GC invocations=20 (full 0):
 garbage-first heap   total 365568K, used 230400K [0x0000000083a00000, 0x0000000100000000)
  region size 1024K, 17 young (17408K), 11 survivors (11264K)
 Metaspace       used 21484K, committed 21824K, reserved 1073152K
  class space    used 2955K, committed 3136K, reserved 1048576K
}

Deoptimization events (20 events):
Event: 23.661 Thread 0x0000016b6b0165d0 DEOPT PACKING pc=0x0000016b53db779b sp=0x0000002bd7afbce0
Event: 23.661 Thread 0x0000016b6b0165d0 DEOPT UNPACKING pc=0x0000016b535ee77e sp=0x0000002bd7afb128 mode 0
Event: 23.661 Thread 0x0000016b6b0165d0 DEOPT PACKING pc=0x0000016b53db6eff sp=0x0000002bd7afbce0
Event: 23.661 Thread 0x0000016b6b0165d0 DEOPT UNPACKING pc=0x0000016b535ee77e sp=0x0000002bd7afb128 mode 0
Event: 23.661 Thread 0x0000016b6b0165d0 DEOPT PACKING pc=0x0000016b53db779b sp=0x0000002bd7afbce0
Event: 23.661 Thread 0x0000016b6b0165d0 DEOPT UNPACKING pc=0x0000016b535ee77e sp=0x0000002bd7afb128 mode 0
Event: 23.661 Thread 0x0000016b6b0165d0 DEOPT PACKING pc=0x0000016b53db6eff sp=0x0000002bd7afbce0
Event: 23.661 Thread 0x0000016b6b0165d0 DEOPT UNPACKING pc=0x0000016b535ee77e sp=0x0000002bd7afb128 mode 0
Event: 23.661 Thread 0x0000016b6b0165d0 DEOPT PACKING pc=0x0000016b53db779b sp=0x0000002bd7afbce0
Event: 23.661 Thread 0x0000016b6b0165d0 DEOPT UNPACKING pc=0x0000016b535ee77e sp=0x0000002bd7afb128 mode 0
Event: 23.678 Thread 0x0000016b6b0165d0 Uncommon trap: trap_request=0xffffffbe fr.pc=0x0000016b5b2df38c relative=0x000000000000074c
Event: 23.678 Thread 0x0000016b6b0165d0 Uncommon trap: reason=profile_predicate action=maybe_recompile pc=0x0000016b5b2df38c method=java.lang.PublicMethods$MethodList.filter([Ljava/lang/reflect/Method;Ljava/lang/String;[Ljava/lang/Class;Z)Ljava/lang/PublicMethods$MethodList; @ 21 c2
Event: 23.678 Thread 0x0000016b6b0165d0 DEOPT PACKING pc=0x0000016b5b2df38c sp=0x0000002bd7afc0a0
Event: 23.678 Thread 0x0000016b6b0165d0 DEOPT UNPACKING pc=0x0000016b535ef92e sp=0x0000002bd7afc048 mode 2
Event: 23.678 Thread 0x0000016b6b0165d0 Uncommon trap: trap_request=0xffffffbe fr.pc=0x0000016b5b2df38c relative=0x000000000000074c
Event: 23.678 Thread 0x0000016b6b0165d0 Uncommon trap: reason=profile_predicate action=maybe_recompile pc=0x0000016b5b2df38c method=java.lang.PublicMethods$MethodList.filter([Ljava/lang/reflect/Method;Ljava/lang/String;[Ljava/lang/Class;Z)Ljava/lang/PublicMethods$MethodList; @ 21 c2
Event: 23.678 Thread 0x0000016b6b0165d0 DEOPT PACKING pc=0x0000016b5b2df38c sp=0x0000002bd7afc0a0
Event: 23.678 Thread 0x0000016b6b0165d0 DEOPT UNPACKING pc=0x0000016b535ef92e sp=0x0000002bd7afc048 mode 2
Event: 23.774 Thread 0x0000016b6b0165d0 DEOPT PACKING pc=0x0000016b53e36782 sp=0x0000002bd7afc3a0
Event: 23.774 Thread 0x0000016b6b0165d0 DEOPT UNPACKING pc=0x0000016b535ee77e sp=0x0000002bd7afb8d8 mode 0

Classes unloaded (0 events):
No events

Classes redefined (0 events):
No events

Internal exceptions (20 events):
Event: 3.416 Thread 0x0000016b6b0165d0 Exception <a 'java/lang/NoSuchMethodError'{0x0000000094a9a010}: 'void java.lang.invoke.DirectMethodHandle$Holder.invokeSpecial(java.lang.Object, java.lang.Object, java.lang.Object, java.lang.Object, java.lang.Object, java.lang.Object)'> (0x0000000094a9a010) 
thrown [t:\workspace\open\src\hotspot\share\interpreter\linkResolver.cpp, line 790]
Event: 3.530 Thread 0x0000016b6b0165d0 Exception <a 'java/lang/NoSuchMethodError'{0x00000000944d8818}: 'void java.lang.invoke.DirectMethodHandle$Holder.invokeSpecialIFC(java.lang.Object, java.lang.Object, java.lang.Object, java.lang.Object)'> (0x00000000944d8818) 
thrown [t:\workspace\open\src\hotspot\share\interpreter\linkResolver.cpp, line 790]
Event: 3.552 Thread 0x0000016b6b0165d0 Exception <a 'java/lang/NoSuchMethodError'{0x000000009426caa0}: 'int java.lang.invoke.DirectMethodHandle$Holder.invokeSpecial(java.lang.Object, java.lang.Object, int)'> (0x000000009426caa0) 
thrown [t:\workspace\open\src\hotspot\share\interpreter\linkResolver.cpp, line 790]
Event: 3.670 Thread 0x0000016b6b0165d0 Exception <a 'java/lang/NoSuchMethodError'{0x0000000093c27520}: 'java.lang.Object java.lang.invoke.DirectMethodHandle$Holder.newInvokeSpecial(java.lang.Object, java.lang.Object, int, int)'> (0x0000000093c27520) 
thrown [t:\workspace\open\src\hotspot\share\interpreter\linkResolver.cpp, line 790]
Event: 3.713 Thread 0x0000016b6b0165d0 Exception <a 'java/lang/NoSuchMethodError'{0x0000000093ba6a68}: 'java.lang.Object java.lang.invoke.DirectMethodHandle$Holder.newInvokeSpecial(java.lang.Object, java.lang.Object, int)'> (0x0000000093ba6a68) 
thrown [t:\workspace\open\src\hotspot\share\interpreter\linkResolver.cpp, line 790]
Event: 3.723 Thread 0x0000016b6b0165d0 Exception <a 'java/lang/NoSuchMethodError'{0x0000000093bc2978}: 'long java.lang.invoke.DirectMethodHandle$Holder.invokeStatic(java.lang.Object, java.lang.Object, java.lang.Object)'> (0x0000000093bc2978) 
thrown [t:\workspace\open\src\hotspot\share\interpreter\linkResolver.cpp, line 790]
Event: 3.724 Thread 0x0000016b6b0165d0 Exception <a 'java/lang/NoSuchMethodError'{0x0000000093bc6328}: 'long java.lang.invoke.DirectMethodHandle$Holder.invokeStaticInit(java.lang.Object, java.lang.Object, java.lang.Object)'> (0x0000000093bc6328) 
thrown [t:\workspace\open\src\hotspot\share\interpreter\linkResolver.cpp, line 790]
Event: 3.727 Thread 0x0000016b6b0165d0 Exception <a 'java/lang/NoSuchMethodError'{0x0000000093bde6b0}: 'java.lang.Object java.lang.invoke.DirectMethodHandle$Holder.newInvokeSpecial(java.lang.Object, java.lang.Object, long)'> (0x0000000093bde6b0) 
thrown [t:\workspace\open\src\hotspot\share\interpreter\linkResolver.cpp, line 790]
Event: 3.727 Thread 0x0000016b6b0165d0 Exception <a 'java/lang/NoSuchMethodError'{0x0000000093be2420}: 'java.lang.Object java.lang.invoke.Invokers$Holder.linkToTargetMethod(java.lang.Object, long, java.lang.Object)'> (0x0000000093be2420) 
thrown [t:\workspace\open\src\hotspot\share\interpreter\linkResolver.cpp, line 790]
Event: 3.832 Thread 0x0000016b6aac1730 Exception <a 'java/lang/NoSuchMethodError'{0x000000009361a5f0}: 'int java.lang.invoke.DirectMethodHandle$Holder.invokeStaticInit(java.lang.Object, java.lang.Object)'> (0x000000009361a5f0) 
thrown [t:\workspace\open\src\hotspot\share\interpreter\linkResolver.cpp, line 790]
Event: 9.265 Thread 0x0000016b6aac1730 Exception <a 'java/lang/NoSuchMethodError'{0x0000000094ccfbf8}: 'java.lang.Object java.lang.invoke.DirectMethodHandle$Holder.invokeStaticInit(java.lang.Object, int)'> (0x0000000094ccfbf8) 
thrown [t:\workspace\open\src\hotspot\share\interpreter\linkResolver.cpp, line 790]
Event: 9.772 Thread 0x0000016b6b0165d0 Exception <a 'sun/nio/fs/WindowsException'{0x0000000094854430}> (0x0000000094854430) 
thrown [t:\workspace\open\src\hotspot\share\prims\jni.cpp, line 579]
Event: 9.773 Thread 0x0000016b6b0165d0 Exception <a 'sun/nio/fs/WindowsException'{0x0000000094855718}> (0x0000000094855718) 
thrown [t:\workspace\open\src\hotspot\share\prims\jni.cpp, line 579]
Event: 9.784 Thread 0x0000016b6b0165d0 Exception <a 'java/lang/NoSuchMethodError'{0x000000009473fde0}: 'java.lang.Object java.lang.invoke.DirectMethodHandle$Holder.invokeSpecial(java.lang.Object, java.lang.Object, long, long, int, java.lang.Object, java.lang.Object, java.lang.Object, int)'> (0x000000009473fde0) 
thrown [t:\workspace\open\src\hotspot\share\interpreter\linkResolver.cpp, line 790]
Event: 9.785 Thread 0x0000016b6b0165d0 Exception <a 'java/lang/NoSuchMethodError'{0x0000000094743ff8}: 'java.lang.Object java.lang.invoke.DelegatingMethodHandle$Holder.reinvoke_L(java.lang.Object, long, long, int, java.lang.Object, java.lang.Object, java.lang.Object, int)'> (0x0000000094743ff8) 
thrown [t:\workspace\open\src\hotspot\share\interpreter\linkResolver.cpp, line 790]
Event: 9.796 Thread 0x0000016b6b0165d0 Implicit null exception at 0x0000016b5b227538 to 0x0000016b5b228954
Event: 9.796 Thread 0x0000016b6b0165d0 Implicit null exception at 0x0000016b5b1a8a87 to 0x0000016b5b1a8ad8
Event: 9.807 Thread 0x0000016b6b0165d0 Exception <a 'java/lang/NoSuchMethodError'{0x00000000947bb340}: 'java.lang.Object java.lang.invoke.DirectMethodHandle$Holder.invokeSpecial(java.lang.Object, java.lang.Object, long, long, int, int, java.lang.Object, java.lang.Object, int)'> (0x00000000947bb340) 
thrown [t:\workspace\open\src\hotspot\share\interpreter\linkResolver.cpp, line 790]
Event: 9.808 Thread 0x0000016b6b0165d0 Exception <a 'java/lang/NoSuchMethodError'{0x00000000947bf208}: 'java.lang.Object java.lang.invoke.DelegatingMethodHandle$Holder.reinvoke_L(java.lang.Object, long, long, int, int, java.lang.Object, java.lang.Object, int)'> (0x00000000947bf208) 
thrown [t:\workspace\open\src\hotspot\share\interpreter\linkResolver.cpp, line 790]
Event: 14.557 Thread 0x0000016b6b0165d0 Exception <a 'java/lang/NoSuchMethodError'{0x000000009423d0e0}: 'java.lang.Object java.lang.invoke.DirectMethodHandle$Holder.newInvokeSpecial(java.lang.Object, java.lang.Object, java.lang.Object, double, double, double, double, int, int, int, int, int, int, int, int, int)'> (0x000000009423d0e0) 
thrown [t:\workspace\open\src\hotspot\share\interpreter\linkResolver.cpp, line 790]

Events (20 events):
Event: 23.650 loading class java/lang/Button
Event: 23.650 loading class java/lang/Button done
Event: 23.659 Thread 0x0000016b7019c820 Thread added: 0x0000016b7019c820
Event: 23.667 loading class java/lang/TextArea
Event: 23.668 loading class java/lang/TextArea done
Event: 23.671 Executing  VM operation: G1Concurrent
Event: 23.674 Executing  VM operation: G1Concurrent done
Event: 23.704 Executing  VM operation: G1Concurrent
Event: 23.704 Executing  VM operation: G1Concurrent done
Event: 23.738 Executing  VM operation: G1TryInitiateConcMark
Event: 23.747 Executing  VM operation: G1TryInitiateConcMark done
Event: 23.788 Executing  VM operation: G1Concurrent
Event: 23.790 Executing  VM operation: G1Concurrent done
Event: 23.805 Executing  VM operation: G1CollectForAllocation
Event: 23.814 Executing  VM operation: G1CollectForAllocation done
Event: 23.827 Executing  VM operation: G1Concurrent
Event: 23.827 Executing  VM operation: G1Concurrent done
Event: 23.897 Executing  VM operation: G1CollectForAllocation
Event: 23.908 Executing  VM operation: G1CollectForAllocation done
Event: 23.914 Executing  VM operation: G1CollectForAllocation


Dynamic libraries:
0x00007ff75b1f0000 - 0x00007ff75b200000 	C:\Program Files\Java\jdk-16.0.2\bin\java.exe
0x00007ffe86690000 - 0x00007ffe86885000 	C:\Windows\SYSTEM32\ntdll.dll
0x00007ffe859a0000 - 0x00007ffe85a5e000 	C:\Windows\System32\KERNEL32.DLL
0x00007ffe84200000 - 0x00007ffe844c9000 	C:\Windows\System32\KERNELBASE.dll
0x00007ffe844d0000 - 0x00007ffe845d0000 	C:\Windows\System32\ucrtbase.dll
0x00007ffe7f4e0000 - 0x00007ffe7f4f9000 	C:\Program Files\Java\jdk-16.0.2\bin\VCRUNTIME140.dll
0x00007ffe7f500000 - 0x00007ffe7f518000 	C:\Program Files\Java\jdk-16.0.2\bin\jli.dll
0x00007ffe853c0000 - 0x00007ffe8546c000 	C:\Windows\System32\ADVAPI32.dll
0x00007ffe85040000 - 0x00007ffe850de000 	C:\Windows\System32\msvcrt.dll
0x00007ffe86010000 - 0x00007ffe860ab000 	C:\Windows\System32\sechost.dll
0x00007ffe85470000 - 0x00007ffe8559a000 	C:\Windows\System32\RPCRT4.dll
0x00007ffe855a0000 - 0x00007ffe85741000 	C:\Windows\System32\USER32.dll
0x00007ffe83db0000 - 0x00007ffe83dd2000 	C:\Windows\System32\win32u.dll
0x00007ffe71030000 - 0x00007ffe712ca000 	C:\Windows\WinSxS\amd64_microsoft.windows.common-controls_6595b64144ccf1df_6.0.19041.1110_none_60b5254171f9507e\COMCTL32.dll
0x00007ffe85830000 - 0x00007ffe8585b000 	C:\Windows\System32\GDI32.dll
0x00007ffe845d0000 - 0x00007ffe846db000 	C:\Windows\System32\gdi32full.dll
0x00007ffe84050000 - 0x00007ffe840ed000 	C:\Windows\System32\msvcp_win.dll
0x00007ffe7d130000 - 0x00007ffe7d13a000 	C:\Windows\SYSTEM32\VERSION.dll
0x00007ffe85860000 - 0x00007ffe85890000 	C:\Windows\System32\IMM32.DLL
0x00007ffe7f4d0000 - 0x00007ffe7f4dc000 	C:\Program Files\Java\jdk-16.0.2\bin\vcruntime140_1.dll
0x00007ffe6be00000 - 0x00007ffe6be91000 	C:\Program Files\Java\jdk-16.0.2\bin\msvcp140.dll
0x00007ffe4de50000 - 0x00007ffe4e9fb000 	C:\Program Files\Java\jdk-16.0.2\bin\server\jvm.dll
0x00007ffe860b0000 - 0x00007ffe860b8000 	C:\Windows\System32\PSAPI.DLL
0x00007ffe823d0000 - 0x00007ffe823f7000 	C:\Windows\SYSTEM32\WINMM.dll
0x00007ffe7f5a0000 - 0x00007ffe7f5a9000 	C:\Windows\SYSTEM32\WSOCK32.dll
0x00007ffe850e0000 - 0x00007ffe8514b000 	C:\Windows\System32\WS2_32.dll
0x00007ffe82660000 - 0x00007ffe82672000 	C:\Windows\SYSTEM32\kernel.appcore.dll
0x00007ffe7f4c0000 - 0x00007ffe7f4ca000 	C:\Program Files\Java\jdk-16.0.2\bin\jimage.dll
0x00007ffe821e0000 - 0x00007ffe823c4000 	C:\Windows\SYSTEM32\DBGHELP.DLL
0x00007ffe821b0000 - 0x00007ffe821dc000 	C:\Windows\SYSTEM32\dbgcore.DLL
0x00007ffe83f90000 - 0x00007ffe84013000 	C:\Windows\System32\bcryptPrimitives.dll
0x00007ffe7e540000 - 0x00007ffe7e54e000 	C:\Program Files\Java\jdk-16.0.2\bin\instrument.dll
0x00007ffe7ccb0000 - 0x00007ffe7ccd5000 	C:\Program Files\Java\jdk-16.0.2\bin\java.dll
0x00007ffe84740000 - 0x00007ffe84e7f000 	C:\Windows\System32\SHELL32.dll
0x00007ffe81950000 - 0x00007ffe820e0000 	C:\Windows\SYSTEM32\windows.storage.dll
0x00007ffe861b0000 - 0x00007ffe86505000 	C:\Windows\System32\combase.dll
0x00007ffe83800000 - 0x00007ffe8382c000 	C:\Windows\SYSTEM32\Wldp.dll
0x00007ffe85310000 - 0x00007ffe853bd000 	C:\Windows\System32\SHCORE.dll
0x00007ffe846e0000 - 0x00007ffe84735000 	C:\Windows\System32\shlwapi.dll
0x00007ffe83cf0000 - 0x00007ffe83d0f000 	C:\Windows\SYSTEM32\profapi.dll
0x00007ffe7cc90000 - 0x00007ffe7cca9000 	C:\Program Files\Java\jdk-16.0.2\bin\net.dll
0x00007ffe73fe0000 - 0x00007ffe740e8000 	C:\Windows\SYSTEM32\WINHTTP.dll
0x00007ffe83560000 - 0x00007ffe835ca000 	C:\Windows\system32\mswsock.dll
0x00007ffe7cc10000 - 0x00007ffe7cc23000 	C:\Program Files\Java\jdk-16.0.2\bin\nio.dll
0x00007ffe6c4e0000 - 0x00007ffe6c4f8000 	C:\Program Files\Java\jdk-16.0.2\bin\zip.dll
0x00007ffe6c3b0000 - 0x00007ffe6c3ca000 	D:\IntelliJ IDEA Community Edition 2021.2.1\bin\breakgen64.dll
0x0000016b69e60000 - 0x0000016b69e63000 	C:\Users\Dat\.openjfx\cache\16\api-ms-win-core-console-l1-1-0.dll
0x0000016b69e70000 - 0x0000016b69e73000 	C:\Users\Dat\.openjfx\cache\16\api-ms-win-core-console-l1-2-0.dll
0x0000016b69e80000 - 0x0000016b69e83000 	C:\Users\Dat\.openjfx\cache\16\api-ms-win-core-datetime-l1-1-0.dll
0x0000016b69e90000 - 0x0000016b69e93000 	C:\Users\Dat\.openjfx\cache\16\api-ms-win-core-debug-l1-1-0.dll
0x0000016b69ea0000 - 0x0000016b69ea3000 	C:\Users\Dat\.openjfx\cache\16\api-ms-win-core-errorhandling-l1-1-0.dll
0x0000016b69eb0000 - 0x0000016b69eb4000 	C:\Users\Dat\.openjfx\cache\16\api-ms-win-core-file-l1-1-0.dll
0x0000016b69ec0000 - 0x0000016b69ec3000 	C:\Users\Dat\.openjfx\cache\16\api-ms-win-core-file-l1-2-0.dll
0x0000016b69ed0000 - 0x0000016b69ed3000 	C:\Users\Dat\.openjfx\cache\16\api-ms-win-core-file-l2-1-0.dll
0x0000016b69ee0000 - 0x0000016b69ee3000 	C:\Users\Dat\.openjfx\cache\16\api-ms-win-core-handle-l1-1-0.dll
0x0000016b69ef0000 - 0x0000016b69ef3000 	C:\Users\Dat\.openjfx\cache\16\api-ms-win-core-heap-l1-1-0.dll
0x0000016b69f00000 - 0x0000016b69f03000 	C:\Users\Dat\.openjfx\cache\16\api-ms-win-core-interlocked-l1-1-0.dll
0x0000016b69f10000 - 0x0000016b69f13000 	C:\Users\Dat\.openjfx\cache\16\api-ms-win-core-libraryloader-l1-1-0.dll
0x0000016b69f20000 - 0x0000016b69f23000 	C:\Users\Dat\.openjfx\cache\16\api-ms-win-core-localization-l1-2-0.dll
0x0000016b69f30000 - 0x0000016b69f33000 	C:\Users\Dat\.openjfx\cache\16\api-ms-win-core-memory-l1-1-0.dll
0x0000016b69f40000 - 0x0000016b69f43000 	C:\Users\Dat\.openjfx\cache\16\api-ms-win-core-namedpipe-l1-1-0.dll
0x0000016b69f50000 - 0x0000016b69f53000 	C:\Users\Dat\.openjfx\cache\16\api-ms-win-core-processenvironment-l1-1-0.dll
0x0000016b69f60000 - 0x0000016b69f63000 	C:\Users\Dat\.openjfx\cache\16\api-ms-win-core-processthreads-l1-1-0.dll
0x0000016b69f70000 - 0x0000016b69f73000 	C:\Users\Dat\.openjfx\cache\16\api-ms-win-core-processthreads-l1-1-1.dll
0x0000016b69f80000 - 0x0000016b69f83000 	C:\Users\Dat\.openjfx\cache\16\api-ms-win-core-profile-l1-1-0.dll
0x0000016b69f90000 - 0x0000016b69f93000 	C:\Users\Dat\.openjfx\cache\16\api-ms-win-core-rtlsupport-l1-1-0.dll
0x0000016b69fa0000 - 0x0000016b69fa3000 	C:\Users\Dat\.openjfx\cache\16\api-ms-win-core-string-l1-1-0.dll
0x0000016b69fb0000 - 0x0000016b69fb3000 	C:\Users\Dat\.openjfx\cache\16\api-ms-win-core-synch-l1-1-0.dll
0x0000016b69fc0000 - 0x0000016b69fc3000 	C:\Users\Dat\.openjfx\cache\16\api-ms-win-core-synch-l1-2-0.dll
0x0000016b69fd0000 - 0x0000016b69fd3000 	C:\Users\Dat\.openjfx\cache\16\api-ms-win-core-sysinfo-l1-1-0.dll
0x0000016b69fe0000 - 0x0000016b69fe3000 	C:\Users\Dat\.openjfx\cache\16\api-ms-win-core-timezone-l1-1-0.dll
0x0000016b69ff0000 - 0x0000016b69ff3000 	C:\Users\Dat\.openjfx\cache\16\api-ms-win-core-util-l1-1-0.dll
0x0000016b6b400000 - 0x0000016b6b403000 	C:\Users\Dat\.openjfx\cache\16\api-ms-win-crt-conio-l1-1-0.dll
0x0000016b6b410000 - 0x0000016b6b414000 	C:\Users\Dat\.openjfx\cache\16\api-ms-win-crt-convert-l1-1-0.dll
0x0000016b6b420000 - 0x0000016b6b423000 	C:\Users\Dat\.openjfx\cache\16\api-ms-win-crt-environment-l1-1-0.dll
0x0000016b6b430000 - 0x0000016b6b433000 	C:\Users\Dat\.openjfx\cache\16\api-ms-win-crt-filesystem-l1-1-0.dll
0x0000016b6b440000 - 0x0000016b6b443000 	C:\Users\Dat\.openjfx\cache\16\api-ms-win-crt-heap-l1-1-0.dll
0x0000016b6b450000 - 0x0000016b6b453000 	C:\Users\Dat\.openjfx\cache\16\api-ms-win-crt-locale-l1-1-0.dll
0x0000016b6b460000 - 0x0000016b6b465000 	C:\Users\Dat\.openjfx\cache\16\api-ms-win-crt-math-l1-1-0.dll
0x0000016b6b470000 - 0x0000016b6b475000 	C:\Users\Dat\.openjfx\cache\16\api-ms-win-crt-multibyte-l1-1-0.dll
0x0000016b6b480000 - 0x0000016b6b490000 	C:\Users\Dat\.openjfx\cache\16\api-ms-win-crt-private-l1-1-0.dll
0x0000016b6b490000 - 0x0000016b6b493000 	C:\Users\Dat\.openjfx\cache\16\api-ms-win-crt-process-l1-1-0.dll
0x0000016b6b4a0000 - 0x0000016b6b4a4000 	C:\Users\Dat\.openjfx\cache\16\api-ms-win-crt-runtime-l1-1-0.dll
0x0000016b6b4b0000 - 0x0000016b6b4b4000 	C:\Users\Dat\.openjfx\cache\16\api-ms-win-crt-stdio-l1-1-0.dll
0x0000016b6b4c0000 - 0x0000016b6b4c4000 	C:\Users\Dat\.openjfx\cache\16\api-ms-win-crt-string-l1-1-0.dll
0x0000016b6b4d0000 - 0x0000016b6b4d3000 	C:\Users\Dat\.openjfx\cache\16\api-ms-win-crt-time-l1-1-0.dll
0x0000016b6b4e0000 - 0x0000016b6b4e3000 	C:\Users\Dat\.openjfx\cache\16\api-ms-win-crt-utility-l1-1-0.dll
0x00007ffe6b020000 - 0x00007ffe6b11c000 	C:\Users\Dat\.openjfx\cache\16\ucrtbase.dll
0x00007ffe6bd80000 - 0x00007ffe6bd99000 	C:\Users\Dat\.openjfx\cache\16\vcruntime140.dll
0x00007ffe6c030000 - 0x00007ffe6c03c000 	C:\Users\Dat\.openjfx\cache\16\vcruntime140_1.dll
0x00007ffe5d620000 - 0x00007ffe5d6b1000 	C:\Users\Dat\.openjfx\cache\16\msvcp140.dll
0x00007ffe6bd50000 - 0x00007ffe6bd77000 	C:\Users\Dat\.openjfx\cache\16\prism_d3d.dll
0x00007ffe74b70000 - 0x00007ffe74d3e000 	C:\Windows\system32\d3d9.dll
0x00007ffe81390000 - 0x00007ffe813bf000 	C:\Windows\SYSTEM32\dwmapi.dll
0x00007ffe811a0000 - 0x00007ffe8123e000 	C:\Windows\system32\uxtheme.dll
0x00007ffe1c9c0000 - 0x00007ffe1cb25000 	C:\Windows\System32\DriverStore\FileRepository\iigd_dch.inf_amd64_d8b7fef7fc5b1320\igdumdim64.dll
0x00007ffe851e0000 - 0x00007ffe8530a000 	C:\Windows\System32\ole32.dll
0x00007ffe13930000 - 0x00007ffe18271000 	C:\Windows\System32\DriverStore\FileRepository\iigd_dch.inf_amd64_d8b7fef7fc5b1320\igd9dxva64.dll
0x00007ffe860e0000 - 0x00007ffe861ad000 	C:\Windows\System32\OLEAUT32.dll
0x00007ffe85a70000 - 0x00007ffe85ee2000 	C:\Windows\System32\SETUPAPI.dll
0x00007ffe83de0000 - 0x00007ffe83e2e000 	C:\Windows\System32\cfgmgr32.dll
0x00007ffe84020000 - 0x00007ffe84047000 	C:\Windows\System32\bcrypt.dll
0x00007ffe78440000 - 0x00007ffe78708000 	C:\Windows\System32\DriverStore\FileRepository\iigd_dch.inf_amd64_d8b7fef7fc5b1320\igdgmm64.dll
0x00007ffe63740000 - 0x00007ffe63782000 	C:\Users\Dat\.openjfx\cache\16\glass.dll
0x00007ffe86510000 - 0x00007ffe865ea000 	C:\Windows\System32\COMDLG32.dll
0x00007ffe85ef0000 - 0x00007ffe86005000 	C:\Windows\System32\MSCTF.dll
0x00007ffe6c6a0000 - 0x00007ffe6c6c7000 	C:\Windows\System32\DriverStore\FileRepository\iigd_dch.inf_amd64_d8b7fef7fc5b1320\igdinfo64.dll
0x00007ffe75670000 - 0x00007ffe78237000 	C:\Windows\System32\DriverStore\FileRepository\iigd_dch.inf_amd64_d8b7fef7fc5b1320\igc64.dll
0x00007ffe7a9d0000 - 0x00007ffe7aa0b000 	C:\Windows\SYSTEM32\dxcore.dll
0x00007ffe7e780000 - 0x00007ffe7e794000 	C:\Users\Dat\.openjfx\cache\16\javafx_font.dll
0x00007ffe5d5f0000 - 0x00007ffe5d61d000 	C:\Users\Dat\.openjfx\cache\16\javafx_iio.dll
0x00007ffe5bb60000 - 0x00007ffe5bde3000 	C:\Windows\SYSTEM32\dwrite.dll
0x00007ffe20350000 - 0x00007ffe23e78000 	C:\Users\Dat\.openjfx\cache\16\jfxwebkit.dll
0x00007ffe83760000 - 0x00007ffe83778000 	C:\Windows\SYSTEM32\CRYPTSP.dll
0x00007ffe82e70000 - 0x00007ffe82ea4000 	C:\Windows\system32\rsaenh.dll
0x00007ffe83750000 - 0x00007ffe8375c000 	C:\Windows\SYSTEM32\CRYPTBASE.dll
0x00007ffe858f0000 - 0x00007ffe85999000 	C:\Windows\System32\clbcatq.dll
0x00007ffe7cf70000 - 0x00007ffe7d124000 	C:\Windows\SYSTEM32\WindowsCodecs.dll
0x00007ffe599c0000 - 0x00007ffe599fe000 	C:\Windows\system32\dataexchange.dll
0x00007ffe7fc80000 - 0x00007ffe7fee4000 	C:\Windows\system32\d3d11.dll
0x00007ffe804b0000 - 0x00007ffe80695000 	C:\Windows\system32\dcomp.dll
0x00007ffe826a0000 - 0x00007ffe82794000 	C:\Windows\system32\dxgi.dll
0x00007ffe7d1c0000 - 0x00007ffe7d3c1000 	C:\Windows\system32\twinapi.appcore.dll
0x00007ffe5d5b0000 - 0x00007ffe5d5e4000 	C:\Program Files\Common Files\Microsoft Shared\Ink\rtscom.dll
0x00007ffe613e0000 - 0x00007ffe614d9000 	C:\Windows\SYSTEM32\textinputframework.dll
0x00007ffe80d80000 - 0x00007ffe80e72000 	C:\Windows\System32\CoreMessaging.dll
0x00007ffe80a20000 - 0x00007ffe80d7e000 	C:\Windows\System32\CoreUIComponents.dll
0x00007ffe82aa0000 - 0x00007ffe82ad3000 	C:\Windows\SYSTEM32\ntmarta.dll

dbghelp: loaded successfully - version: 4.0.5 - missing functions: none
symbol engine: initialized successfully - sym options: 0x614 - pdb path: .;C:\Program Files\Java\jdk-16.0.2\bin;C:\Windows\SYSTEM32;C:\Windows\WinSxS\amd64_microsoft.windows.common-controls_6595b64144ccf1df_6.0.19041.1110_none_60b5254171f9507e;C:\Program Files\Java\jdk-16.0.2\bin\server;D:\IntelliJ IDEA Community Edition 2021.2.1\bin;C:\Users\Dat\.openjfx\cache\16;C:\Windows\System32\DriverStore\FileRepository\iigd_dch.inf_amd64_d8b7fef7fc5b1320;C:\Program Files\Common Files\Microsoft Shared\Ink

VM Arguments:
jvm_args: -javaagent:D:\IntelliJ IDEA Community Edition 2021.2.1\lib\idea_rt.jar=62004:D:\IntelliJ IDEA Community Edition 2021.2.1\bin -Dfile.encoding=UTF-8 --module-path=C:\Users\Dat\.m2\repository\org\controlsfx\controlsfx\11.1.0\controlsfx-11.1.0.jar;C:\Users\Dat\.m2\repository\org\openjfx\javafx-media\16\javafx-media-16-win.jar;D:\ki 1\DICTIONARY\src\main\java\com\example\GoogleAPI\lib\jl.jar;C:\Users\Dat\.m2\repository\com\dlsc\formsfx\formsfx-core\11.3.2\formsfx-core-11.3.2.jar;C:\Users\Dat\.m2\repository\org\openjfx\javafx-graphics\16\javafx-graphics-16-win.jar;C:\Users\Dat\.m2\repository\org\kordamp\ikonli\ikonli-javafx\12.2.0\ikonli-javafx-12.2.0.jar;C:\Users\Dat\.m2\repository\org\kordamp\ikonli\ikonli-core\12.2.0\ikonli-core-12.2.0.jar;C:\Users\Dat\.m2\repository\org\openjfx\javafx-web\16\javafx-web-16-win.jar;C:\Users\Dat\.m2\repository\org\openjfx\javafx-fxml\16\javafx-fxml-16-win.jar;C:\Users\Dat\.m2\repository\org\openjfx\javafx-controls\16\javafx-controls-16-win.jar;C:\Users\Dat\.m2\repository\net\synedra\validatorfx\0.1.13\validatorfx-0.1.13.jar;C:\Users\Dat\.m2\repository\org\openjfx\javafx-base\16\javafx-base-16-win.jar;C:\Users\Dat\.m2\repository\org\kordamp\bootstrapfx\bootstrapfx-core\0.4.0\bootstrapfx-core-0.4.0.jar;D:\ki 1\DICTIONARY\target\classes;C:\Users\Dat\.m2\repository\eu\hansolo\tilesfx\11.48\tilesfx-11.48.jar -Djdk.module.main=com.example.dictionary 
java_command: com.example.dictionary/com.example.dictionary.HelloApplication
java_class_path (initial): C:\Users\Dat\.m2\repository\org\openjfx\javafx-controls\16\javafx-controls-16.jar;C:\Users\Dat\.m2\repository\org\openjfx\javafx-graphics\16\javafx-graphics-16.jar;C:\Users\Dat\.m2\repository\org\openjfx\javafx-base\16\javafx-base-16.jar;C:\Users\Dat\.m2\repository\org\openjfx\javafx-fxml\16\javafx-fxml-16.jar;C:\Users\Dat\.m2\repository\org\openjfx\javafx-web\16\javafx-web-16.jar;C:\Users\Dat\.m2\repository\org\openjfx\javafx-media\16\javafx-media-16.jar
Launcher Type: SUN_STANDARD

[Global flags]
     intx CICompilerCount                          = 4                                         {product} {ergonomic}
     uint ConcGCThreads                            = 2                                         {product} {ergonomic}
     uint G1ConcRefinementThreads                  = 8                                         {product} {ergonomic}
   size_t G1HeapRegionSize                         = 1048576                                   {product} {ergonomic}
    uintx GCDrainStackTargetSize                   = 64                                        {product} {ergonomic}
   size_t InitialHeapSize                          = 132120576                                 {product} {ergonomic}
   size_t MarkStackSize                            = 4194304                                   {product} {ergonomic}
   size_t MaxHeapSize                              = 2086666240                                {product} {ergonomic}
   size_t MaxNewSize                               = 1251999744                                {product} {ergonomic}
   size_t MinHeapDeltaBytes                        = 1048576                                   {product} {ergonomic}
   size_t MinHeapSize                              = 8388608                                   {product} {ergonomic}
    uintx NonNMethodCodeHeapSize                   = 5839372                                {pd product} {ergonomic}
    uintx NonProfiledCodeHeapSize                  = 122909434                              {pd product} {ergonomic}
    uintx ProfiledCodeHeapSize                     = 122909434                              {pd product} {ergonomic}
    uintx ReservedCodeCacheSize                    = 251658240                              {pd product} {ergonomic}
     bool SegmentedCodeCache                       = true                                      {product} {ergonomic}
   size_t SoftMaxHeapSize                          = 2086666240                             {manageable} {ergonomic}
     bool UseCompressedClassPointers               = true                           {product lp64_product} {ergonomic}
     bool UseCompressedOops                        = true                           {product lp64_product} {ergonomic}
     bool UseG1GC                                  = true                                      {product} {ergonomic}
     bool UseLargePagesIndividualAllocation        = false                                  {pd product} {ergonomic}

Logging:
Log output configuration:
 #0: stdout all=warning uptime,level,tags
 #1: stderr all=off uptime,level,tags

Environment Variables:
PATH=C:\Program Files\Common Files\Oracle\Java\javapath;C:\Program Files (x86)\Common Files\Oracle\Java\javapath;C:\Program Files (x86)\Common Files\Intel\Shared Libraries\redist\intel64\compiler;C:\Windows\system32;C:\Windows;C:\Windows\System32\Wbem;C:\Windows\System32\WindowsPowerShell\v1.0\;C:\Windows\System32\OpenSSH\;C:\MinGW\bin;C:\Program Files\Microsoft\Web Platform Installer\;C:\Program Files (x86)\Microsoft ASP.NET\ASP.NET Web Pages\v1.0\;C:\Program Files\Microsoft SQL Server\110\Tools\Binn\;D:\Git\cmd;C:\Program Files\nodejs\;C:\Program Files\MySQL\MySQL Shell 8.0\bin\;C:\Users\Dat\AppData\Local\Programs\Python\Python39\Scripts\;C:\Users\Dat\AppData\Local\Programs\Python\Python39\;C:\Users\Dat\AppData\Local\Microsoft\WindowsApps;C:\Users\Dat\AppData\Roaming\npm;C:\Users\Dat\AppData\Local\Programs\Microsoft VS Code\bin
USERNAME=Dat
OS=Windows_NT
PROCESSOR_IDENTIFIER=Intel64 Family 6 Model 126 Stepping 5, GenuineIntel



---------------  S Y S T E M  ---------------

OS:
 Windows 10 , 64 bit Build 19041 (10.0.19041.1202)
OS uptime: 0 days 1:52 hours

CPU: total 8 (initial active 8) (4 cores per cpu, 2 threads per core) family 6 model 126 stepping 5 microcode 0xa6, cx8, cmov, fxsr, ht, mmx, 3dnowpref, sse, sse2, sse3, ssse3, sse4.1, sse4.2, popcnt, lzcnt, tsc, tscinvbit, avx, avx2, aes, erms, clmul, bmi1, bmi2, adx, avx512f, avx512dq, avx512cd, avx512bw, avx512vl, sha, fma, vzeroupper, avx512_vpopcntdq, avx512_vpclmulqdq, avx512_vaes, avx512_vnni, clflush, clflushopt, avx512_vmbi2, avx512_vmbi

Memory: 4k page, system-wide physical 7959M (376M free)
TotalPageFile size 12055M (AvailPageFile size 242M)
current process WorkingSet (physical memory assigned to process): 521M, peak: 521M
current process commit charge ("private bytes"): 570M, peak: 869M

vm_info: Java HotSpot(TM) 64-Bit Server VM (16.0.2+7-67) for windows-amd64 JRE (16.0.2+7-67), built on Jun  8 2021 23:24:19 by "mach5one" with MS VC++ 16.7 (VS2019)

END.
